[I 2026-06-14 23:42:28,780] Trial 11 finished with value: 0.15618436938777652 and parameters: {'iterations': 1000, 'learning_rate': 0.02656622161864442, 'depth': 7, 'l2_leaf_reg': 3.0, 'random_strength': 1.0, 'bagging_temperature': 1.0, 'border_count': 128}. Best is trial 5 with value: 0.23381905276195003.
Starting CatBoost Optuna trial 12
[I 2026-06-14 23:43:40,595] Trial 12 finished with value: 0.14427565272459583 and parameters: {'iterations': 1000, 'learning_rate': 0.04467594130444651, 'depth': 6, 'l2_leaf_reg': 3.0, 'random_strength': 1.0, 'bagging_temperature': 1.0, 'border_count': 128}. Best is trial 5 with value: 0.23381905276195003.
Starting CatBoost Optuna trial 13
[I 2026-06-14 23:44:56,944] Trial 13 finished with value: 0.05747858159440875 and parameters: {'iterations': 1000, 'learning_rate': 0.04002367404816529, 'depth': 7, 'l2_leaf_reg': 3.0, 'random_strength': 1.0, 'bagging_temperature': 1.0, 'border_count': 128}. Best is trial 5 with value: 0.23381905276195003.
Starting CatBoost Optuna trial 14
[I 2026-06-14 23:46:09,110] Trial 14 finished with value: 0.3098263985196077 and parameters: {'iterations': 1200, 'learning_rate': 0.034760236298790596, 'depth': 5, 'l2_leaf_reg': 7.0, 'random_strength': 1.0, 'bagging_temperature': 1.0, 'border_count': 128}. Best is trial 14 with value: 0.3098263985196077.
Starting CatBoost Optuna trial 15
[I 2026-06-14 23:47:20,991] Trial 15 finished with value: 0.30524815905330505 and parameters: {'iterations': 1200, 'learning_rate': 0.035228458311564854, 'depth': 5, 'l2_leaf_reg': 7.0, 'random_strength': 1.0, 'bagging_temperature': 1.0, 'border_count': 128}. Best is trial 14 with value: 0.3098263985196077.
Starting CatBoost Optuna trial 16
[I 2026-06-14 23:48:33,479] Trial 16 finished with value: 0.21182873565028235 and parameters: {'iterations': 1200, 'learning_rate': 0.03439772174523351, 'depth': 5, 'l2_leaf_reg': 7.0, 'random_strength': 3.0, 'bagging_temperature': 0.5, 'border_count': 128}. Best is trial 14 with value: 0.3098263985196077.
Starting CatBoost Optuna trial 17
[I 2026-06-14 23:49:45,520] Trial 17 finished with value: 0.2216011912055512 and parameters: {'iterations': 1200, 'learning_rate': 0.034807937152534406, 'depth': 5, 'l2_leaf_reg': 7.0, 'random_strength': 1.0, 'bagging_temperature': 1.0, 'border_count': 128}. Best is trial 14 with value: 0.3098263985196077.
Starting CatBoost Optuna trial 18
[I 2026-06-14 23:50:58,431] Trial 18 finished with value: 0.11139653120253838 and parameters: {'iterations': 1200, 'learning_rate': 0.031917232318450256, 'depth': 5, 'l2_leaf_reg': 7.0, 'random_strength': 1.0, 'bagging_temperature': 1.0, 'border_count': 254}. Best is trial 14 with value: 0.3098263985196077.
Starting CatBoost Optuna trial 19
[I 2026-06-14 23:52:10,801] Trial 19 finished with value: 0.24759082889065462 and parameters: {'iterations': 1200, 'learning_rate': 0.04168868401338461, 'depth': 5, 'l2_leaf_reg': 7.0, 'random_strength': 3.0, 'bagging_temperature': 0.5, 'border_count': 128}. Best is trial 14 with value: 0.3098263985196077.
Starting CatBoost Optuna trial 20
[I 2026-06-14 23:53:22,617] Trial 20 finished with value: 0.2016807379348617 and parameters: {'iterations': 1200, 'learning_rate': 0.036160421970345386, 'depth': 5, 'l2_leaf_reg': 10.0, 'random_strength': 1.0, 'bagging_temperature': 1.0, 'border_count': 128}. Best is trial 14 with value: 0.3098263985196077.
Starting CatBoost Optuna trial 21
[I 2026-06-14 23:54:34,739] Trial 21 finished with value: 0.15705388852191898 and parameters: {'iterations': 1200, 'learning_rate': 0.0409754524257543, 'depth': 5, 'l2_leaf_reg': 7.0, 'random_strength': 3.0, 'bagging_temperature': 0.5, 'border_count': 128}. Best is trial 14 with value: 0.3098263985196077.
Starting CatBoost Optuna trial 22
[I 2026-06-14 23:55:46,943] Trial 22 finished with value: 0.18984331448820296 and parameters: {'iterations': 1200, 'learning_rate': 0.04223300440106098, 'depth': 5, 'l2_leaf_reg': 7.0, 'random_strength': 3.0, 'bagging_temperature': 0.5, 'border_count': 128}. Best is trial 14 with value: 0.3098263985196077.
Starting CatBoost Optuna trial 23
[I 2026-06-14 23:56:58,863] Trial 23 finished with value: 0.1978780235019729 and parameters: {'iterations': 1200, 'learning_rate': 0.03267686011880482, 'depth': 5, 'l2_leaf_reg': 7.0, 'random_strength': 3.0, 'bagging_temperature': 0.5, 'border_count': 128}. Best is trial 14 with value: 0.3098263985196077.
Starting CatBoost Optuna trial 24
[I 2026-06-14 23:58:11,555] Trial 24 finished with value: 0.15182802553460403 and parameters: {'iterations': 1200, 'learning_rate': 0.03885909373346048, 'depth': 5, 'l2_leaf_reg': 7.0, 'random_strength': 3.0, 'bagging_temperature': 0.5, 'border_count': 128}. Best is trial 14 with value: 0.3098263985196077.
Starting CatBoost Optuna trial 25
[I 2026-06-14 23:59:14,040] Trial 25 finished with value: 0.09242141495529212 and parameters: {'iterations': 700, 'learning_rate': 0.027635062884534486, 'depth': 5, 'l2_leaf_reg': 7.0, 'random_strength': 3.0, 'bagging_temperature': 0.5, 'border_count': 128}. Best is trial 14 with value: 0.3098263985196077.
Starting CatBoost Optuna trial 26
[I 2026-06-15 00:00:27,360] Trial 26 finished with value: 0.18867106440757628 and parameters: {'iterations': 1200, 'learning_rate': 0.03528083573923531, 'depth': 5, 'l2_leaf_reg': 7.0, 'random_strength': 1.0, 'bagging_temperature': 1.0, 'border_count': 254}. Best is trial 14 with value: 0.3098263985196077.
Starting CatBoost Optuna trial 27
[I 2026-06-15 00:01:39,554] Trial 27 finished with value: 0.22743108152178346 and parameters: {'iterations': 1200, 'learning_rate': 0.031446983694154294, 'depth': 5, 'l2_leaf_reg': 7.0, 'random_strength': 1.0, 'bagging_temperature': 1.0, 'border_count': 128}. Best is trial 14 with value: 0.3098263985196077.
Starting CatBoost Optuna trial 28
[I 2026-06-15 00:02:51,575] Trial 28 finished with value: 0.15171849440945265 and parameters: {'iterations': 1200, 'learning_rate': 0.03342034408371705, 'depth': 5, 'l2_leaf_reg': 10.0, 'random_strength': 2.0, 'bagging_temperature': 1.5, 'border_count': 128}. Best is trial 14 with value: 0.3098263985196077.
Starting CatBoost Optuna trial 29
[I 2026-06-15 00:04:03,815] Trial 29 finished with value: 0.18823736284066578 and parameters: {'iterations': 1200, 'learning_rate': 0.03769109645459737, 'depth': 5, 'l2_leaf_reg': 7.0, 'random_strength': 3.0, 'bagging_temperature': 0.5, 'border_count': 128}. Best is trial 14 with value: 0.3098263985196077.
Starting CatBoost Optuna trial 30
[I 2026-06-15 00:05:06,422] Trial 30 finished with value: 0.22077794063392742 and parameters: {'iterations': 700, 'learning_rate': 0.042036224709614205, 'depth': 5, 'l2_leaf_reg': 5.0, 'random_strength': 2.0, 'bagging_temperature': 1.0, 'border_count': 128}. Best is trial 14 with value: 0.3098263985196077.
Starting CatBoost Optuna trial 31
[I 2026-06-15 00:06:27,860] Trial 31 finished with value: 0.22429915544487977 and parameters: {'iterations': 1200, 'learning_rate': 0.036919332806979246, 'depth': 7, 'l2_leaf_reg': 7.0, 'random_strength': 1.0, 'bagging_temperature': 1.0, 'border_count': 128}. Best is trial 14 with value: 0.3098263985196077.
Starting CatBoost Optuna trial 32
[I 2026-06-15 00:07:49,179] Trial 32 finished with value: 0.24286033583381178 and parameters: {'iterations': 1200, 'learning_rate': 0.03959604019520409, 'depth': 7, 'l2_leaf_reg': 7.0, 'random_strength': 1.0, 'bagging_temperature': 1.0, 'border_count': 128}. Best is trial 14 with value: 0.3098263985196077.
Starting CatBoost Optuna trial 33
[I 2026-06-15 00:09:10,463] Trial 33 finished with value: 0.21594018430940598 and parameters: {'iterations': 1200, 'learning_rate': 0.039338972753411486, 'depth': 7, 'l2_leaf_reg': 7.0, 'random_strength': 1.0, 'bagging_temperature': 1.0, 'border_count': 128}. Best is trial 14 with value: 0.3098263985196077.
Starting CatBoost Optuna trial 34
[I 2026-06-15 00:10:22,510] Trial 34 finished with value: 0.21598466181722234 and parameters: {'iterations': 1200, 'learning_rate': 0.0357178583971402, 'depth': 5, 'l2_leaf_reg': 7.0, 'random_strength': 1.0, 'bagging_temperature': 1.0, 'border_count': 128}. Best is trial 14 with value: 0.3098263985196077.
Starting CatBoost Optuna trial 35
[I 2026-06-15 00:11:43,988] Trial 35 finished with value: 0.19094134245511146 and parameters: {'iterations': 1200, 'learning_rate': 0.041142165386744686, 'depth': 7, 'l2_leaf_reg': 7.0, 'random_strength': 1.0, 'bagging_temperature': 1.0, 'border_count': 128}. Best is trial 14 with value: 0.3098263985196077.
Starting CatBoost Optuna trial 36
[I 2026-06-15 00:13:00,031] Trial 36 finished with value: 0.12997339269287875 and parameters: {'iterations': 1200, 'learning_rate': 0.033680551477806346, 'depth': 6, 'l2_leaf_reg': 7.0, 'random_strength': 1.0, 'bagging_temperature': 1.0, 'border_count': 128}. Best is trial 14 with value: 0.3098263985196077.
Starting CatBoost Optuna trial 37
[I 2026-06-15 00:14:12,279] Trial 37 finished with value: 0.16930026842809145 and parameters: {'iterations': 1200, 'learning_rate': 0.03660380710920715, 'depth': 5, 'l2_leaf_reg': 7.0, 'random_strength': 1.0, 'bagging_temperature': 0.5, 'border_count': 128}. Best is trial 14 with value: 0.3098263985196077.
Starting CatBoost Optuna trial 38
[I 2026-06-15 00:15:33,436] Trial 38 finished with value: 0.1437416189665175 and parameters: {'iterations': 1200, 'learning_rate': 0.03832008598862866, 'depth': 7, 'l2_leaf_reg': 7.0, 'random_strength': 2.0, 'bagging_temperature': 1.5, 'border_count': 128}. Best is trial 14 with value: 0.3098263985196077.
Starting CatBoost Optuna trial 39
[I 2026-06-15 00:16:53,517] Trial 39 finished with value: 0.2423517819069045 and parameters: {'iterations': 1000, 'learning_rate': 0.04362019975341305, 'depth': 7, 'l2_leaf_reg': 5.0, 'random_strength': 3.0, 'bagging_temperature': 1.0, 'border_count': 254}. Best is trial 14 with value: 0.3098263985196077.
Starting CatBoost Optuna trial 40
[I 2026-06-15 00:17:58,772] Trial 40 finished with value: 0.14440240253830394 and parameters: {'iterations': 700, 'learning_rate': 0.04047510398561101, 'depth': 6, 'l2_leaf_reg': 3.0, 'random_strength': 1.0, 'bagging_temperature': 1.5, 'border_count': 128}. Best is trial 14 with value: 0.3098263985196077.
Starting CatBoost Optuna trial 41
[I 2026-06-15 00:19:18,801] Trial 41 finished with value: 0.2628098645746631 and parameters: {'iterations': 1000, 'learning_rate': 0.04370115018657769, 'depth': 7, 'l2_leaf_reg': 5.0, 'random_strength': 3.0, 'bagging_temperature': 1.0, 'border_count': 254}. Best is trial 14 with value: 0.3098263985196077.
Starting CatBoost Optuna trial 42
[I 2026-06-15 00:20:38,267] Trial 42 finished with value: 0.1119893556898912 and parameters: {'iterations': 1000, 'learning_rate': 0.044867908665452934, 'depth': 7, 'l2_leaf_reg': 5.0, 'random_strength': 3.0, 'bagging_temperature': 1.0, 'border_count': 254}. Best is trial 14 with value: 0.3098263985196077.
Starting CatBoost Optuna trial 43
[I 2026-06-15 00:21:58,251] Trial 43 finished with value: 0.23514461533246495 and parameters: {'iterations': 1000, 'learning_rate': 0.04314863309876854, 'depth': 7, 'l2_leaf_reg': 5.0, 'random_strength': 3.0, 'bagging_temperature': 1.0, 'border_count': 254}. Best is trial 14 with value: 0.3098263985196077.
Starting CatBoost Optuna trial 44
[I 2026-06-15 00:23:17,665] Trial 44 finished with value: 0.19798228149317623 and parameters: {'iterations': 1000, 'learning_rate': 0.042166465754802075, 'depth': 7, 'l2_leaf_reg': 5.0, 'random_strength': 3.0, 'bagging_temperature': 1.0, 'border_count': 254}. Best is trial 14 with value: 0.3098263985196077.
Starting CatBoost Optuna trial 45
[I 2026-06-15 00:24:36,952] Trial 45 finished with value: 0.22050674611871532 and parameters: {'iterations': 1000, 'learning_rate': 0.039784136829890245, 'depth': 7, 'l2_leaf_reg': 5.0, 'random_strength': 3.0, 'bagging_temperature': 1.0, 'border_count': 254}. Best is trial 14 with value: 0.3098263985196077.
Starting CatBoost Optuna trial 46
[I 2026-06-15 00:25:56,328] Trial 46 finished with value: 0.21998949547120156 and parameters: {'iterations': 1000, 'learning_rate': 0.03782759392328928, 'depth': 7, 'l2_leaf_reg': 10.0, 'random_strength': 1.0, 'bagging_temperature': 1.0, 'border_count': 254}. Best is trial 14 with value: 0.3098263985196077.
Starting CatBoost Optuna trial 47
[I 2026-06-15 00:27:12,560] Trial 47 finished with value: 0.18179354438911585 and parameters: {'iterations': 1200, 'learning_rate': 0.04359479505403935, 'depth': 6, 'l2_leaf_reg': 7.0, 'random_strength': 2.0, 'bagging_temperature': 1.0, 'border_count': 128}. Best is trial 14 with value: 0.3098263985196077.
Starting CatBoost Optuna trial 48
[I 2026-06-15 00:28:15,527] Trial 48 finished with value: 0.12054872409336208 and parameters: {'iterations': 700, 'learning_rate': 0.04153218720306529, 'depth': 5, 'l2_leaf_reg': 3.0, 'random_strength': 1.0, 'bagging_temperature': 0.5, 'border_count': 254}. Best is trial 14 with value: 0.3098263985196077.
Starting CatBoost Optuna trial 49
[I 2026-06-15 00:29:36,610] Trial 49 finished with value: 0.15581471867161048 and parameters: {'iterations': 1200, 'learning_rate': 0.030744935028708106, 'depth': 7, 'l2_leaf_reg': 5.0, 'random_strength': 3.0, 'bagging_temperature': 1.5, 'border_count': 128}. Best is trial 14 with value: 0.3098263985196077.
Starting CatBoost Optuna trial 50
[I 2026-06-15 00:30:44,447] Trial 50 finished with value: 0.11129199868792047 and parameters: {'iterations': 1000, 'learning_rate': 0.03362204261610362, 'depth': 5, 'l2_leaf_reg': 7.0, 'random_strength': 1.0, 'bagging_temperature': 1.0, 'border_count': 128}. Best is trial 14 with value: 0.3098263985196077.
Starting CatBoost Optuna trial 51
[I 2026-06-15 00:32:04,485] Trial 51 finished with value: 0.21451779343900224 and parameters: {'iterations': 1000, 'learning_rate': 0.04368519269431659, 'depth': 7, 'l2_leaf_reg': 5.0, 'random_strength': 3.0, 'bagging_temperature': 1.0, 'border_count': 254}. Best is trial 14 with value: 0.3098263985196077.
Starting CatBoost Optuna trial 52
[I 2026-06-15 00:33:23,771] Trial 52 finished with value: 0.15870970589873412 and parameters: {'iterations': 1000, 'learning_rate': 0.04255118238660844, 'depth': 7, 'l2_leaf_reg': 5.0, 'random_strength': 3.0, 'bagging_temperature': 1.0, 'border_count': 254}. Best is trial 14 with value: 0.3098263985196077.
Starting CatBoost Optuna trial 53
[I 2026-06-15 00:34:43,013] Trial 53 finished with value: 0.18952813949391661 and parameters: {'iterations': 1000, 'learning_rate': 0.04440841549865144, 'depth': 7, 'l2_leaf_reg': 5.0, 'random_strength': 3.0, 'bagging_temperature': 1.0, 'border_count': 254}. Best is trial 14 with value: 0.3098263985196077.
Starting CatBoost Optuna trial 54
[I 2026-06-15 00:36:02,315] Trial 54 finished with value: 0.15957470342474678 and parameters: {'iterations': 1000, 'learning_rate': 0.040286546658194373, 'depth': 7, 'l2_leaf_reg': 5.0, 'random_strength': 3.0, 'bagging_temperature': 1.0, 'border_count': 254}. Best is trial 14 with value: 0.3098263985196077.
Starting CatBoost Optuna trial 55
[I 2026-06-15 00:37:21,851] Trial 55 finished with value: 0.1455348506768189 and parameters: {'iterations': 1000, 'learning_rate': 0.04268757784213681, 'depth': 7, 'l2_leaf_reg': 10.0, 'random_strength': 3.0, 'bagging_temperature': 1.0, 'border_count': 254}. Best is trial 14 with value: 0.3098263985196077.
Starting CatBoost Optuna trial 56
[I 2026-06-15 00:38:35,428] Trial 56 finished with value: 0.17612492890678197 and parameters: {'iterations': 1200, 'learning_rate': 0.02846476232989812, 'depth': 5, 'l2_leaf_reg': 5.0, 'random_strength': 3.0, 'bagging_temperature': 0.5, 'border_count': 254}. Best is trial 14 with value: 0.3098263985196077.
Starting CatBoost Optuna trial 57
[I 2026-06-15 00:39:47,627] Trial 57 finished with value: 0.20978205365068633 and parameters: {'iterations': 1200, 'learning_rate': 0.0440953002138362, 'depth': 5, 'l2_leaf_reg': 7.0, 'random_strength': 1.0, 'bagging_temperature': 1.0, 'border_count': 128}. Best is trial 14 with value: 0.3098263985196077.
Starting CatBoost Optuna trial 58
[I 2026-06-15 00:41:13,383] Trial 58 finished with value: 0.15091717474442917 and parameters: {'iterations': 1200, 'learning_rate': 0.03491897574843368, 'depth': 7, 'l2_leaf_reg': 3.0, 'random_strength': 3.0, 'bagging_temperature': 1.0, 'border_count': 254}. Best is trial 14 with value: 0.3098263985196077.
Starting CatBoost Optuna trial 59
[I 2026-06-15 00:42:25,071] Trial 59 finished with value: 0.200144971751307 and parameters: {'iterations': 1000, 'learning_rate': 0.03249196699988217, 'depth': 6, 'l2_leaf_reg': 7.0, 'random_strength': 1.0, 'bagging_temperature': 0.5, 'border_count': 128}. Best is trial 14 with value: 0.3098263985196077.
Starting CatBoost Optuna trial 60
[I 2026-06-15 00:43:27,252] Trial 60 finished with value: 0.11039628775193244 and parameters: {'iterations': 700, 'learning_rate': 0.04142053985483681, 'depth': 5, 'l2_leaf_reg': 7.0, 'random_strength': 2.0, 'bagging_temperature': 1.0, 'border_count': 128}. Best is trial 14 with value: 0.3098263985196077.
Starting CatBoost Optuna trial 61
[I 2026-06-15 00:44:47,040] Trial 61 finished with value: 0.21856537856072364 and parameters: {'iterations': 1000, 'learning_rate': 0.04295077083691396, 'depth': 7, 'l2_leaf_reg': 5.0, 'random_strength': 3.0, 'bagging_temperature': 1.0, 'border_count': 254}. Best is trial 14 with value: 0.3098263985196077.
Starting CatBoost Optuna trial 62
[I 2026-06-15 00:46:06,729] Trial 62 finished with value: 0.20543093199921206 and parameters: {'iterations': 1000, 'learning_rate': 0.0435188525905007, 'depth': 7, 'l2_leaf_reg': 5.0, 'random_strength': 3.0, 'bagging_temperature': 1.0, 'border_count': 254}. Best is trial 14 with value: 0.3098263985196077.
Starting CatBoost Optuna trial 63
[I 2026-06-15 00:47:26,527] Trial 63 finished with value: 0.13699753187568742 and parameters: {'iterations': 1000, 'learning_rate': 0.04075240794461317, 'depth': 7, 'l2_leaf_reg': 5.0, 'random_strength': 3.0, 'bagging_temperature': 1.0, 'border_count': 254}. Best is trial 14 with value: 0.3098263985196077.
Starting CatBoost Optuna trial 64
[I 2026-06-15 00:48:46,097] Trial 64 finished with value: 0.15907888408212856 and parameters: {'iterations': 1000, 'learning_rate': 0.04330457724091822, 'depth': 7, 'l2_leaf_reg': 5.0, 'random_strength': 3.0, 'bagging_temperature': 1.0, 'border_count': 254}. Best is trial 14 with value: 0.3098263985196077.
Starting CatBoost Optuna trial 65
[I 2026-06-15 00:50:12,169] Trial 65 finished with value: 0.22000963356391562 and parameters: {'iterations': 1200, 'learning_rate': 0.044966039870099735, 'depth': 7, 'l2_leaf_reg': 5.0, 'random_strength': 3.0, 'bagging_temperature': 1.0, 'border_count': 254}. Best is trial 14 with value: 0.3098263985196077.
Starting CatBoost Optuna trial 66
[I 2026-06-15 00:51:20,371] Trial 66 finished with value: 0.1403541202563907 and parameters: {'iterations': 1000, 'learning_rate': 0.03925369907694089, 'depth': 5, 'l2_leaf_reg': 7.0, 'random_strength': 1.0, 'bagging_temperature': 1.0, 'border_count': 128}. Best is trial 14 with value: 0.3098263985196077.
Starting CatBoost Optuna trial 67
[I 2026-06-15 00:52:32,464] Trial 67 finished with value: 0.1859549224534313 and parameters: {'iterations': 1200, 'learning_rate': 0.04183421501183456, 'depth': 5, 'l2_leaf_reg': 10.0, 'random_strength': 3.0, 'bagging_temperature': 1.5, 'border_count': 128}. Best is trial 14 with value: 0.3098263985196077.
Starting CatBoost Optuna trial 68
[I 2026-06-15 00:53:57,605] Trial 68 finished with value: 0.09653696702570605 and parameters: {'iterations': 1200, 'learning_rate': 0.03416743567696185, 'depth': 7, 'l2_leaf_reg': 7.0, 'random_strength': 1.0, 'bagging_temperature': 0.5, 'border_count': 254}. Best is trial 14 with value: 0.3098263985196077.
Starting CatBoost Optuna trial 69
[I 2026-06-15 00:55:09,901] Trial 69 finished with value: 0.13880353607589319 and parameters: {'iterations': 1200, 'learning_rate': 0.035753477877477076, 'depth': 5, 'l2_leaf_reg': 5.0, 'random_strength': 3.0, 'bagging_temperature': 1.0, 'border_count': 128}. Best is trial 14 with value: 0.3098263985196077.
Starting CatBoost Optuna trial 70
[I 2026-06-15 00:56:25,879] Trial 70 finished with value: 0.23726144569454524 and parameters: {'iterations': 1000, 'learning_rate': 0.03866743858983563, 'depth': 7, 'l2_leaf_reg': 7.0, 'random_strength': 1.0, 'bagging_temperature': 1.0, 'border_count': 128}. Best is trial 14 with value: 0.3098263985196077.
Starting CatBoost Optuna trial 71
[I 2026-06-15 00:57:41,831] Trial 71 finished with value: 0.1571012969840205 and parameters: {'iterations': 1000, 'learning_rate': 0.039587479802783, 'depth': 7, 'l2_leaf_reg': 7.0, 'random_strength': 1.0, 'bagging_temperature': 1.0, 'border_count': 128}. Best is trial 14 with value: 0.3098263985196077.
Starting CatBoost Optuna trial 72
[I 2026-06-15 00:58:57,579] Trial 72 finished with value: 0.24858190089549057 and parameters: {'iterations': 1000, 'learning_rate': 0.03712081427366499, 'depth': 7, 'l2_leaf_reg': 7.0, 'random_strength': 1.0, 'bagging_temperature': 1.0, 'border_count': 128}. Best is trial 14 with value: 0.3098263985196077.
Starting CatBoost Optuna trial 73
[I 2026-06-15 01:00:13,936] Trial 73 finished with value: 0.18910084229546564 and parameters: {'iterations': 1000, 'learning_rate': 0.03658414482096866, 'depth': 7, 'l2_leaf_reg': 7.0, 'random_strength': 1.0, 'bagging_temperature': 1.0, 'border_count': 128}. Best is trial 14 with value: 0.3098263985196077.
Starting CatBoost Optuna trial 74
[I 2026-06-15 01:01:29,635] Trial 74 finished with value: 0.19726639013095457 and parameters: {'iterations': 1000, 'learning_rate': 0.037234064609435055, 'depth': 7, 'l2_leaf_reg': 7.0, 'random_strength': 1.0, 'bagging_temperature': 1.0, 'border_count': 128}. Best is trial 14 with value: 0.3098263985196077.
Starting CatBoost Optuna trial 75
