nohup: ignoring input
Training...
  0%|          | 0/100 [00:00<?, ?it/s]  1%|          | 1/100 [00:00<00:16,  6.00it/s]  2%|▏         | 2/100 [00:00<00:17,  5.71it/s]  3%|▎         | 3/100 [00:00<00:21,  4.54it/s]  4%|▍         | 4/100 [00:00<00:17,  5.33it/s]  5%|▌         | 5/100 [00:01<00:20,  4.69it/s]  6%|▌         | 6/100 [00:01<00:18,  5.22it/s]  7%|▋         | 7/100 [00:01<00:16,  5.51it/s]  8%|▊         | 8/100 [00:01<00:15,  6.06it/s]  9%|▉         | 9/100 [00:01<00:13,  6.66it/s] 10%|█         | 10/100 [00:01<00:13,  6.54it/s] 11%|█         | 11/100 [00:01<00:13,  6.60it/s] 12%|█▏        | 12/100 [00:02<00:12,  7.04it/s] 13%|█▎        | 13/100 [00:02<00:14,  5.80it/s] 14%|█▍        | 14/100 [00:02<00:17,  4.95it/s] 15%|█▌        | 15/100 [00:02<00:15,  5.51it/s] 16%|█▌        | 16/100 [00:02<00:14,  5.91it/s] 17%|█▋        | 17/100 [00:02<00:13,  6.05it/s] 18%|█▊        | 18/100 [00:03<00:13,  6.11it/s] 19%|█▉        | 19/100 [00:03<00:16,  4.94it/s] 20%|██        | 20/100 [00:03<00:15,  5.27it/s] 21%|██        | 21/100 [00:03<00:14,  5.56it/s] 22%|██▏       | 22/100 [00:03<00:13,  5.92it/s] 23%|██▎       | 23/100 [00:04<00:15,  4.95it/s] 24%|██▍       | 24/100 [00:04<00:14,  5.25it/s] 25%|██▌       | 25/100 [00:04<00:13,  5.62it/s] 26%|██▌       | 26/100 [00:04<00:13,  5.65it/s] 27%|██▋       | 27/100 [00:04<00:14,  4.92it/s] 28%|██▊       | 28/100 [00:05<00:13,  5.30it/s] 29%|██▉       | 29/100 [00:05<00:12,  5.56it/s] 30%|███       | 30/100 [00:05<00:11,  6.21it/s] 31%|███       | 31/100 [00:05<00:10,  6.54it/s] 32%|███▏      | 32/100 [00:05<00:10,  6.56it/s] 33%|███▎      | 33/100 [00:05<00:12,  5.43it/s] 34%|███▍      | 34/100 [00:06<00:13,  4.81it/s] 35%|███▌      | 35/100 [00:06<00:12,  5.25it/s] 36%|███▌      | 36/100 [00:06<00:11,  5.47it/s] 37%|███▋      | 37/100 [00:06<00:13,  4.69it/s] 38%|███▊      | 38/100 [00:06<00:11,  5.21it/s] 39%|███▉      | 39/100 [00:07<00:10,  5.58it/s] 40%|████      | 40/100 [00:07<00:09,  6.16it/s] 41%|████      | 41/100 [00:07<00:08,  6.70it/s] 42%|████▏     | 42/100 [00:07<00:08,  6.80it/s] 43%|████▎     | 43/100 [00:07<00:08,  6.62it/s] 44%|████▍     | 44/100 [00:07<00:08,  6.64it/s] 45%|████▌     | 45/100 [00:07<00:07,  6.95it/s] 46%|████▌     | 46/100 [00:07<00:07,  7.21it/s] 47%|████▋     | 47/100 [00:08<00:07,  7.23it/s] 48%|████▊     | 48/100 [00:08<00:07,  7.36it/s] 49%|████▉     | 49/100 [00:08<00:07,  6.95it/s] 50%|█████     | 50/100 [00:08<00:07,  6.74it/s] 51%|█████     | 51/100 [00:08<00:07,  6.62it/s] 52%|█████▏    | 52/100 [00:08<00:09,  5.29it/s] 53%|█████▎    | 53/100 [00:09<00:08,  5.53it/s] 54%|█████▍    | 54/100 [00:09<00:09,  4.92it/s] 55%|█████▌    | 55/100 [00:09<00:08,  5.38it/s] 56%|█████▌    | 56/100 [00:09<00:07,  5.86it/s] 57%|█████▋    | 57/100 [00:09<00:08,  5.14it/s] 58%|█████▊    | 58/100 [00:10<00:07,  5.51it/s] 59%|█████▉    | 59/100 [00:10<00:07,  5.79it/s] 60%|██████    | 60/100 [00:10<00:06,  6.31it/s] 61%|██████    | 61/100 [00:10<00:09,  4.31it/s] 62%|██████▏   | 62/100 [00:10<00:08,  4.75it/s] 63%|██████▎   | 63/100 [00:11<00:08,  4.26it/s] 64%|██████▍   | 64/100 [00:11<00:07,  4.69it/s] 65%|██████▌   | 65/100 [00:11<00:08,  4.20it/s] 66%|██████▌   | 66/100 [00:11<00:06,  4.93it/s] 67%|██████▋   | 67/100 [00:11<00:06,  5.31it/s] 68%|██████▊   | 68/100 [00:12<00:06,  4.87it/s] 69%|██████▉   | 69/100 [00:12<00:05,  5.47it/s] 70%|███████   | 70/100 [00:12<00:04,  6.11it/s] 71%|███████   | 71/100 [00:12<00:04,  6.53it/s] 72%|███████▏  | 72/100 [00:12<00:04,  6.91it/s] 73%|███████▎  | 73/100 [00:12<00:03,  6.99it/s] 74%|███████▍  | 74/100 [00:13<00:04,  5.51it/s] 75%|███████▌  | 75/100 [00:13<00:04,  6.06it/s] 76%|███████▌  | 76/100 [00:13<00:04,  5.25it/s] 77%|███████▋  | 77/100 [00:13<00:04,  4.80it/s] 78%|███████▊  | 78/100 [00:13<00:04,  5.42it/s] 79%|███████▉  | 79/100 [00:14<00:03,  5.63it/s] 80%|████████  | 80/100 [00:14<00:04,  4.83it/s] 81%|████████  | 81/100 [00:14<00:04,  4.53it/s] 82%|████████▏ | 82/100 [00:14<00:04,  3.77it/s] 83%|████████▎ | 83/100 [00:15<00:04,  3.76it/s] 84%|████████▍ | 84/100 [00:15<00:03,  4.37it/s] 85%|████████▌ | 85/100 [00:15<00:03,  4.81it/s] 86%|████████▌ | 86/100 [00:15<00:02,  5.30it/s] 87%|████████▋ | 87/100 [00:15<00:02,  5.81it/s] 88%|████████▊ | 88/100 [00:15<00:01,  6.03it/s] 89%|████████▉ | 89/100 [00:16<00:01,  6.41it/s] 90%|█████████ | 90/100 [00:16<00:01,  6.87it/s] 91%|█████████ | 91/100 [00:16<00:01,  6.60it/s] 92%|█████████▏| 92/100 [00:16<00:01,  6.84it/s] 93%|█████████▎| 93/100 [00:16<00:00,  7.02it/s] 94%|█████████▍| 94/100 [00:16<00:00,  7.05it/s] 95%|█████████▌| 95/100 [00:16<00:00,  6.69it/s] 96%|█████████▌| 96/100 [00:17<00:00,  6.99it/s] 97%|█████████▋| 97/100 [00:17<00:00,  6.99it/s] 98%|█████████▊| 98/100 [00:17<00:00,  7.01it/s] 99%|█████████▉| 99/100 [00:17<00:00,  6.88it/s]100%|██████████| 100/100 [00:17<00:00,  6.81it/s]100%|██████████| 100/100 [00:17<00:00,  5.67it/s]
DEBUG: finished _prepare_data
[I 2026-06-14 21:32:59,181] A new study created in RDB with name: lgbm_optuna_1d
[I 2026-06-14 21:34:16,885] Trial 0 finished with value: 0.21819975196884647 and parameters: {'n_estimators': 1100, 'learning_rate': 0.04965574249545634, 'max_depth': 8, 'num_leaves': 63, 'min_child_samples': 200, 'subsample': 0.8, 'colsample_bytree': 0.85, 'reg_alpha': 0.5, 'reg_lambda': 1.0}. Best is trial 0 with value: 0.21819975196884647.
[I 2026-06-14 21:35:26,241] Trial 1 finished with value: 0.23287653167914277 and parameters: {'n_estimators': 700, 'learning_rate': 0.03520504361061778, 'max_depth': 10, 'num_leaves': 63, 'min_child_samples': 100, 'subsample': 0.85, 'colsample_bytree': 1.0, 'reg_alpha': 0.25, 'reg_lambda': 0.5}. Best is trial 1 with value: 0.23287653167914277.
[I 2026-06-14 21:36:29,060] Trial 2 finished with value: 0.10543914428680909 and parameters: {'n_estimators': 700, 'learning_rate': 0.03713106925835075, 'max_depth': 6, 'num_leaves': 31, 'min_child_samples': 200, 'subsample': 0.9, 'colsample_bytree': 0.85, 'reg_alpha': 0.05, 'reg_lambda': 2.0}. Best is trial 1 with value: 0.23287653167914277.
[I 2026-06-14 21:37:35,454] Trial 3 finished with value: 0.1651434589467235 and parameters: {'n_estimators': 900, 'learning_rate': 0.05029042624552755, 'max_depth': 6, 'num_leaves': 31, 'min_child_samples': 150, 'subsample': 0.8, 'colsample_bytree': 0.85, 'reg_alpha': 0.1, 'reg_lambda': 1.5}. Best is trial 1 with value: 0.23287653167914277.
[I 2026-06-14 21:38:42,798] Trial 4 finished with value: 0.14760633795930234 and parameters: {'n_estimators': 700, 'learning_rate': 0.031141097419195383, 'max_depth': 10, 'num_leaves': 63, 'min_child_samples': 200, 'subsample': 0.9, 'colsample_bytree': 0.85, 'reg_alpha': 0.25, 'reg_lambda': 1.0}. Best is trial 1 with value: 0.23287653167914277.
[I 2026-06-14 21:39:49,578] Trial 5 finished with value: 0.20542320856461455 and parameters: {'n_estimators': 700, 'learning_rate': 0.041957051368902314, 'max_depth': 8, 'num_leaves': 63, 'min_child_samples': 150, 'subsample': 0.8, 'colsample_bytree': 0.85, 'reg_alpha': 0.25, 'reg_lambda': 1.0}. Best is trial 1 with value: 0.23287653167914277.
[I 2026-06-14 21:41:00,690] Trial 6 finished with value: 0.10552876179533086 and parameters: {'n_estimators': 1100, 'learning_rate': 0.038519440580447845, 'max_depth': 8, 'num_leaves': 31, 'min_child_samples': 200, 'subsample': 0.85, 'colsample_bytree': 1.0, 'reg_alpha': 0.25, 'reg_lambda': 0.5}. Best is trial 1 with value: 0.23287653167914277.
[I 2026-06-14 21:42:08,625] Trial 7 finished with value: 0.20293141408552595 and parameters: {'n_estimators': 1100, 'learning_rate': 0.04654413000430776, 'max_depth': 8, 'num_leaves': 31, 'min_child_samples': 100, 'subsample': 0.85, 'colsample_bytree': 0.85, 'reg_alpha': 0.05, 'reg_lambda': 0.5}. Best is trial 1 with value: 0.23287653167914277.
[I 2026-06-14 21:43:20,292] Trial 8 finished with value: 0.16169338672414382 and parameters: {'n_estimators': 1100, 'learning_rate': 0.04101445200610077, 'max_depth': 6, 'num_leaves': 63, 'min_child_samples': 200, 'subsample': 0.8, 'colsample_bytree': 0.85, 'reg_alpha': 0.25, 'reg_lambda': 0.5}. Best is trial 1 with value: 0.23287653167914277.
[I 2026-06-14 21:44:27,125] Trial 9 finished with value: 0.07860458532610848 and parameters: {'n_estimators': 900, 'learning_rate': 0.03685596573644042, 'max_depth': 8, 'num_leaves': 31, 'min_child_samples': 100, 'subsample': 0.9, 'colsample_bytree': 1.0, 'reg_alpha': 0.1, 'reg_lambda': 1.5}. Best is trial 1 with value: 0.23287653167914277.
[I 2026-06-14 21:45:34,882] Trial 10 finished with value: 0.1784824293412153 and parameters: {'n_estimators': 700, 'learning_rate': 0.028938781631574748, 'max_depth': 10, 'num_leaves': 63, 'min_child_samples': 100, 'subsample': 0.85, 'colsample_bytree': 1.0, 'reg_alpha': 0.5, 'reg_lambda': 2.0}. Best is trial 1 with value: 0.23287653167914277.
[I 2026-06-14 21:46:51,236] Trial 11 finished with value: 0.1963791782643775 and parameters: {'n_estimators': 1100, 'learning_rate': 0.032847288057841824, 'max_depth': 10, 'num_leaves': 63, 'min_child_samples': 100, 'subsample': 0.8, 'colsample_bytree': 1.0, 'reg_alpha': 0.5, 'reg_lambda': 1.0}. Best is trial 1 with value: 0.23287653167914277.
[I 2026-06-14 21:48:07,564] Trial 12 finished with value: 0.11376117152075385 and parameters: {'n_estimators': 1100, 'learning_rate': 0.05055419501242546, 'max_depth': 10, 'num_leaves': 63, 'min_child_samples': 200, 'subsample': 0.85, 'colsample_bytree': 1.0, 'reg_alpha': 0.5, 'reg_lambda': 1.0}. Best is trial 1 with value: 0.23287653167914277.
[I 2026-06-14 21:49:15,630] Trial 13 finished with value: 0.26997229720050026 and parameters: {'n_estimators': 700, 'learning_rate': 0.04400906677617148, 'max_depth': 8, 'num_leaves': 63, 'min_child_samples': 100, 'subsample': 0.85, 'colsample_bytree': 1.0, 'reg_alpha': 0.5, 'reg_lambda': 0.5}. Best is trial 13 with value: 0.26997229720050026.
[I 2026-06-14 21:50:23,658] Trial 14 finished with value: 0.2120073948144668 and parameters: {'n_estimators': 700, 'learning_rate': 0.03449290560379144, 'max_depth': 10, 'num_leaves': 63, 'min_child_samples': 100, 'subsample': 0.85, 'colsample_bytree': 1.0, 'reg_alpha': 0.25, 'reg_lambda': 0.5}. Best is trial 13 with value: 0.26997229720050026.
[I 2026-06-14 21:51:31,494] Trial 15 finished with value: 0.22610773003532908 and parameters: {'n_estimators': 700, 'learning_rate': 0.04328468328989888, 'max_depth': 8, 'num_leaves': 63, 'min_child_samples': 100, 'subsample': 0.85, 'colsample_bytree': 1.0, 'reg_alpha': 0.5, 'reg_lambda': 0.5}. Best is trial 13 with value: 0.26997229720050026.
[I 2026-06-14 21:52:39,022] Trial 16 finished with value: 0.20673354090231258 and parameters: {'n_estimators': 700, 'learning_rate': 0.02823453951756661, 'max_depth': 10, 'num_leaves': 63, 'min_child_samples': 100, 'subsample': 0.85, 'colsample_bytree': 1.0, 'reg_alpha': 0.05, 'reg_lambda': 0.5}. Best is trial 13 with value: 0.26997229720050026.
[I 2026-06-14 21:53:45,926] Trial 17 finished with value: 0.22103182626144124 and parameters: {'n_estimators': 700, 'learning_rate': 0.04623766995228444, 'max_depth': 10, 'num_leaves': 63, 'min_child_samples': 100, 'subsample': 0.85, 'colsample_bytree': 1.0, 'reg_alpha': 0.1, 'reg_lambda': 0.5}. Best is trial 13 with value: 0.26997229720050026.
[I 2026-06-14 21:54:58,697] Trial 18 finished with value: 0.1644018933946683 and parameters: {'n_estimators': 900, 'learning_rate': 0.034642087422671684, 'max_depth': 8, 'num_leaves': 63, 'min_child_samples': 150, 'subsample': 0.85, 'colsample_bytree': 1.0, 'reg_alpha': 0.25, 'reg_lambda': 0.5}. Best is trial 13 with value: 0.26997229720050026.
[I 2026-06-14 21:56:03,207] Trial 19 finished with value: 0.16250434896655866 and parameters: {'n_estimators': 700, 'learning_rate': 0.03974517515848411, 'max_depth': 6, 'num_leaves': 63, 'min_child_samples': 100, 'subsample': 0.85, 'colsample_bytree': 1.0, 'reg_alpha': 0.5, 'reg_lambda': 1.5}. Best is trial 13 with value: 0.26997229720050026.
[I 2026-06-14 21:57:10,277] Trial 20 finished with value: 0.18025906056501773 and parameters: {'n_estimators': 700, 'learning_rate': 0.04453651824275089, 'max_depth': 10, 'num_leaves': 63, 'min_child_samples': 100, 'subsample': 0.9, 'colsample_bytree': 1.0, 'reg_alpha': 0.5, 'reg_lambda': 2.0}. Best is trial 13 with value: 0.26997229720050026.
[I 2026-06-14 21:58:18,227] Trial 21 finished with value: 0.17561144329147363 and parameters: {'n_estimators': 700, 'learning_rate': 0.0433170446277389, 'max_depth': 8, 'num_leaves': 63, 'min_child_samples': 100, 'subsample': 0.85, 'colsample_bytree': 1.0, 'reg_alpha': 0.5, 'reg_lambda': 0.5}. Best is trial 13 with value: 0.26997229720050026.
[I 2026-06-14 21:59:26,057] Trial 22 finished with value: 0.16802148800261027 and parameters: {'n_estimators': 700, 'learning_rate': 0.04680457407197709, 'max_depth': 8, 'num_leaves': 63, 'min_child_samples': 100, 'subsample': 0.85, 'colsample_bytree': 1.0, 'reg_alpha': 0.5, 'reg_lambda': 0.5}. Best is trial 13 with value: 0.26997229720050026.
[I 2026-06-14 22:00:34,042] Trial 23 finished with value: 0.22478084994879116 and parameters: {'n_estimators': 700, 'learning_rate': 0.0435203536761738, 'max_depth': 8, 'num_leaves': 63, 'min_child_samples': 100, 'subsample': 0.85, 'colsample_bytree': 1.0, 'reg_alpha': 0.5, 'reg_lambda': 0.5}. Best is trial 13 with value: 0.26997229720050026.
[I 2026-06-14 22:01:41,919] Trial 24 finished with value: 0.16135770440326466 and parameters: {'n_estimators': 700, 'learning_rate': 0.038788679315815866, 'max_depth': 8, 'num_leaves': 63, 'min_child_samples': 100, 'subsample': 0.85, 'colsample_bytree': 1.0, 'reg_alpha': 0.5, 'reg_lambda': 0.5}. Best is trial 13 with value: 0.26997229720050026.
[I 2026-06-14 22:02:54,189] Trial 25 finished with value: 0.11910991401626866 and parameters: {'n_estimators': 900, 'learning_rate': 0.0305619855998248, 'max_depth': 8, 'num_leaves': 63, 'min_child_samples': 150, 'subsample': 0.85, 'colsample_bytree': 1.0, 'reg_alpha': 0.25, 'reg_lambda': 0.5}. Best is trial 13 with value: 0.26997229720050026.
[I 2026-06-14 22:03:57,195] Trial 26 finished with value: 0.16156027195544 and parameters: {'n_estimators': 700, 'learning_rate': 0.035793063238435056, 'max_depth': 8, 'num_leaves': 31, 'min_child_samples': 100, 'subsample': 0.85, 'colsample_bytree': 1.0, 'reg_alpha': 0.1, 'reg_lambda': 0.5}. Best is trial 13 with value: 0.26997229720050026.
[I 2026-06-14 22:05:05,975] Trial 27 finished with value: 0.20669216740079613 and parameters: {'n_estimators': 700, 'learning_rate': 0.04063727877465527, 'max_depth': 8, 'num_leaves': 63, 'min_child_samples': 100, 'subsample': 0.85, 'colsample_bytree': 1.0, 'reg_alpha': 0.05, 'reg_lambda': 0.5}. Best is trial 13 with value: 0.26997229720050026.
[I 2026-06-14 22:06:12,657] Trial 28 finished with value: 0.20558644026091139 and parameters: {'n_estimators': 700, 'learning_rate': 0.04484555828742487, 'max_depth': 6, 'num_leaves': 63, 'min_child_samples': 100, 'subsample': 0.9, 'colsample_bytree': 1.0, 'reg_alpha': 0.5, 'reg_lambda': 2.0}. Best is trial 13 with value: 0.26997229720050026.
[I 2026-06-14 22:07:26,627] Trial 29 finished with value: 0.2543661902554083 and parameters: {'n_estimators': 900, 'learning_rate': 0.04797365430594434, 'max_depth': 10, 'num_leaves': 63, 'min_child_samples': 150, 'subsample': 0.85, 'colsample_bytree': 1.0, 'reg_alpha': 0.5, 'reg_lambda': 1.5}. Best is trial 13 with value: 0.26997229720050026.
[I 2026-06-14 22:08:41,446] Trial 30 finished with value: 0.2928755577634735 and parameters: {'n_estimators': 900, 'learning_rate': 0.048488705532355264, 'max_depth': 10, 'num_leaves': 63, 'min_child_samples': 150, 'subsample': 0.8, 'colsample_bytree': 1.0, 'reg_alpha': 0.25, 'reg_lambda': 1.5}. Best is trial 30 with value: 0.2928755577634735.
[I 2026-06-14 22:09:53,085] Trial 31 finished with value: 0.16820912440205554 and parameters: {'n_estimators': 900, 'learning_rate': 0.049385660383152195, 'max_depth': 10, 'num_leaves': 63, 'min_child_samples': 150, 'subsample': 0.8, 'colsample_bytree': 1.0, 'reg_alpha': 0.25, 'reg_lambda': 1.5}. Best is trial 30 with value: 0.2928755577634735.
[I 2026-06-14 22:11:04,344] Trial 32 finished with value: 0.21689443128475033 and parameters: {'n_estimators': 900, 'learning_rate': 0.048632239570234756, 'max_depth': 10, 'num_leaves': 63, 'min_child_samples': 150, 'subsample': 0.8, 'colsample_bytree': 1.0, 'reg_alpha': 0.25, 'reg_lambda': 1.5}. Best is trial 30 with value: 0.2928755577634735.
[I 2026-06-14 22:12:15,739] Trial 33 finished with value: 0.22803609614766424 and parameters: {'n_estimators': 900, 'learning_rate': 0.04823000416452335, 'max_depth': 10, 'num_leaves': 63, 'min_child_samples': 150, 'subsample': 0.8, 'colsample_bytree': 1.0, 'reg_alpha': 0.25, 'reg_lambda': 1.5}. Best is trial 30 with value: 0.2928755577634735.
[I 2026-06-14 22:13:19,324] Trial 34 finished with value: 0.15726452382493977 and parameters: {'n_estimators': 900, 'learning_rate': 0.04725827680217451, 'max_depth': 10, 'num_leaves': 31, 'min_child_samples': 150, 'subsample': 0.8, 'colsample_bytree': 0.85, 'reg_alpha': 0.25, 'reg_lambda': 1.5}. Best is trial 30 with value: 0.2928755577634735.
[I 2026-06-14 22:14:28,235] Trial 35 finished with value: 0.20228449140377852 and parameters: {'n_estimators': 900, 'learning_rate': 0.05028615720029873, 'max_depth': 10, 'num_leaves': 63, 'min_child_samples': 150, 'subsample': 0.8, 'colsample_bytree': 0.85, 'reg_alpha': 0.05, 'reg_lambda': 1.5}. Best is trial 30 with value: 0.2928755577634735.
[I 2026-06-14 22:15:39,235] Trial 36 finished with value: 0.19965336903836833 and parameters: {'n_estimators': 900, 'learning_rate': 0.05130189265965869, 'max_depth': 10, 'num_leaves': 63, 'min_child_samples': 150, 'subsample': 0.9, 'colsample_bytree': 1.0, 'reg_alpha': 0.25, 'reg_lambda': 1.5}. Best is trial 30 with value: 0.2928755577634735.
[I 2026-06-14 22:16:42,480] Trial 37 finished with value: 0.17543761320278375 and parameters: {'n_estimators': 900, 'learning_rate': 0.0518399093697219, 'max_depth': 10, 'num_leaves': 31, 'min_child_samples': 150, 'subsample': 0.8, 'colsample_bytree': 0.85, 'reg_alpha': 0.1, 'reg_lambda': 1.5}. Best is trial 30 with value: 0.2928755577634735.
[I 2026-06-14 22:17:50,326] Trial 38 finished with value: 0.19851562455601393 and parameters: {'n_estimators': 900, 'learning_rate': 0.04521617638154238, 'max_depth': 6, 'num_leaves': 63, 'min_child_samples': 200, 'subsample': 0.85, 'colsample_bytree': 1.0, 'reg_alpha': 0.25, 'reg_lambda': 1.5}. Best is trial 30 with value: 0.2928755577634735.
[I 2026-06-14 22:18:55,474] Trial 39 finished with value: 0.17042154507028628 and parameters: {'n_estimators': 900, 'learning_rate': 0.04165783531126895, 'max_depth': 10, 'num_leaves': 31, 'min_child_samples': 150, 'subsample': 0.8, 'colsample_bytree': 1.0, 'reg_alpha': 0.5, 'reg_lambda': 1.0}. Best is trial 30 with value: 0.2928755577634735.
[I 2026-06-14 22:20:08,697] Trial 40 finished with value: 0.15918364291372172 and parameters: {'n_estimators': 1100, 'learning_rate': 0.032751296603283554, 'max_depth': 10, 'num_leaves': 63, 'min_child_samples': 150, 'subsample': 0.9, 'colsample_bytree': 0.85, 'reg_alpha': 0.25, 'reg_lambda': 2.0}. Best is trial 30 with value: 0.2928755577634735.
[I 2026-06-14 22:21:19,343] Trial 41 finished with value: 0.20144900402363375 and parameters: {'n_estimators': 900, 'learning_rate': 0.04819285081951323, 'max_depth': 10, 'num_leaves': 63, 'min_child_samples': 150, 'subsample': 0.8, 'colsample_bytree': 1.0, 'reg_alpha': 0.25, 'reg_lambda': 1.5}. Best is trial 30 with value: 0.2928755577634735.
[I 2026-06-14 22:22:30,215] Trial 42 finished with value: 0.11518412303923097 and parameters: {'n_estimators': 900, 'learning_rate': 0.047907045377849754, 'max_depth': 10, 'num_leaves': 63, 'min_child_samples': 150, 'subsample': 0.8, 'colsample_bytree': 1.0, 'reg_alpha': 0.25, 'reg_lambda': 1.5}. Best is trial 30 with value: 0.2928755577634735.
[I 2026-06-14 22:23:41,082] Trial 43 finished with value: 0.19288910642989043 and parameters: {'n_estimators': 900, 'learning_rate': 0.049337840817511885, 'max_depth': 10, 'num_leaves': 63, 'min_child_samples': 150, 'subsample': 0.8, 'colsample_bytree': 1.0, 'reg_alpha': 0.25, 'reg_lambda': 1.5}. Best is trial 30 with value: 0.2928755577634735.
[I 2026-06-14 22:24:52,962] Trial 44 finished with value: 0.16071678169031287 and parameters: {'n_estimators': 900, 'learning_rate': 0.04607282744526128, 'max_depth': 10, 'num_leaves': 63, 'min_child_samples': 200, 'subsample': 0.8, 'colsample_bytree': 1.0, 'reg_alpha': 0.25, 'reg_lambda': 1.5}. Best is trial 30 with value: 0.2928755577634735.
[I 2026-06-14 22:26:04,791] Trial 45 finished with value: 0.1590274719583887 and parameters: {'n_estimators': 900, 'learning_rate': 0.037406953692031016, 'max_depth': 10, 'num_leaves': 63, 'min_child_samples': 150, 'subsample': 0.8, 'colsample_bytree': 1.0, 'reg_alpha': 0.25, 'reg_lambda': 1.5}. Best is trial 30 with value: 0.2928755577634735.
[I 2026-06-14 22:27:17,332] Trial 46 finished with value: 0.2124818861898092 and parameters: {'n_estimators': 1100, 'learning_rate': 0.05004682441288898, 'max_depth': 6, 'num_leaves': 63, 'min_child_samples': 150, 'subsample': 0.85, 'colsample_bytree': 1.0, 'reg_alpha': 0.05, 'reg_lambda': 1.0}. Best is trial 30 with value: 0.2928755577634735.
[I 2026-06-14 22:28:23,270] Trial 47 finished with value: 0.1326190192772156 and parameters: {'n_estimators': 900, 'learning_rate': 0.04554913245960685, 'max_depth': 10, 'num_leaves': 31, 'min_child_samples': 200, 'subsample': 0.85, 'colsample_bytree': 1.0, 'reg_alpha': 0.5, 'reg_lambda': 1.5}. Best is trial 30 with value: 0.2928755577634735.
