[I 2026-06-15 01:47:44,674] Trial 23 finished with value: 0.12187466267902897 and parameters: {'n_estimators': 900, 'learning_rate': 0.03607808358739075, 'max_depth': 6, 'num_leaves': 31, 'min_child_samples': 100, 'subsample': 0.85, 'colsample_bytree': 0.85, 'reg_alpha': 0.1, 'reg_lambda': 1.5}. Best is trial 20 with value: 0.17435217572027584.
[I 2026-06-15 01:48:16,659] Trial 24 finished with value: 0.08480349716869594 and parameters: {'n_estimators': 900, 'learning_rate': 0.03708158259196802, 'max_depth': 6, 'num_leaves': 31, 'min_child_samples': 100, 'subsample': 0.85, 'colsample_bytree': 0.85, 'reg_alpha': 0.1, 'reg_lambda': 1.5}. Best is trial 20 with value: 0.17435217572027584.
[I 2026-06-15 01:48:48,754] Trial 25 finished with value: 0.15603871429155458 and parameters: {'n_estimators': 900, 'learning_rate': 0.04187649948069463, 'max_depth': 6, 'num_leaves': 31, 'min_child_samples': 100, 'subsample': 0.85, 'colsample_bytree': 0.85, 'reg_alpha': 0.1, 'reg_lambda': 1.5}. Best is trial 20 with value: 0.17435217572027584.
[I 2026-06-15 01:49:22,238] Trial 26 finished with value: 0.05391088802668318 and parameters: {'n_estimators': 900, 'learning_rate': 0.04671907334196887, 'max_depth': 6, 'num_leaves': 31, 'min_child_samples': 100, 'subsample': 0.85, 'colsample_bytree': 1.0, 'reg_alpha': 0.1, 'reg_lambda': 0.5}. Best is trial 20 with value: 0.17435217572027584.
[I 2026-06-15 01:49:54,208] Trial 27 finished with value: 0.09592893014723464 and parameters: {'n_estimators': 900, 'learning_rate': 0.04209621290364123, 'max_depth': 6, 'num_leaves': 31, 'min_child_samples': 100, 'subsample': 0.85, 'colsample_bytree': 0.85, 'reg_alpha': 0.25, 'reg_lambda': 1.5}. Best is trial 20 with value: 0.17435217572027584.
[I 2026-06-15 01:50:25,886] Trial 28 finished with value: 0.05154708637825303 and parameters: {'n_estimators': 900, 'learning_rate': 0.04689736384620072, 'max_depth': 10, 'num_leaves': 31, 'min_child_samples': 100, 'subsample': 0.85, 'colsample_bytree': 0.85, 'reg_alpha': 0.5, 'reg_lambda': 1.5}. Best is trial 20 with value: 0.17435217572027584.
[I 2026-06-15 01:50:59,646] Trial 29 finished with value: 0.10777919380534415 and parameters: {'n_estimators': 900, 'learning_rate': 0.044593361059840485, 'max_depth': 6, 'num_leaves': 31, 'min_child_samples': 100, 'subsample': 0.85, 'colsample_bytree': 1.0, 'reg_alpha': 0.5, 'reg_lambda': 1.5}. Best is trial 20 with value: 0.17435217572027584.
[I 2026-06-15 01:51:31,306] Trial 30 finished with value: 0.08059112951587592 and parameters: {'n_estimators': 900, 'learning_rate': 0.0330843364736612, 'max_depth': 6, 'num_leaves': 31, 'min_child_samples': 100, 'subsample': 0.85, 'colsample_bytree': 0.85, 'reg_alpha': 0.1, 'reg_lambda': 1.5}. Best is trial 20 with value: 0.17435217572027584.
[I 2026-06-15 01:52:03,199] Trial 31 finished with value: 0.07711253639265615 and parameters: {'n_estimators': 900, 'learning_rate': 0.03763107472701143, 'max_depth': 6, 'num_leaves': 31, 'min_child_samples': 100, 'subsample': 0.85, 'colsample_bytree': 0.85, 'reg_alpha': 0.1, 'reg_lambda': 1.5}. Best is trial 20 with value: 0.17435217572027584.
[I 2026-06-15 01:52:35,014] Trial 32 finished with value: 0.13610099442584342 and parameters: {'n_estimators': 900, 'learning_rate': 0.04071635442335966, 'max_depth': 6, 'num_leaves': 31, 'min_child_samples': 100, 'subsample': 0.8, 'colsample_bytree': 0.85, 'reg_alpha': 0.1, 'reg_lambda': 1.5}. Best is trial 20 with value: 0.17435217572027584.
[I 2026-06-15 01:53:04,237] Trial 33 finished with value: 0.08174627870121091 and parameters: {'n_estimators': 700, 'learning_rate': 0.03569951735310945, 'max_depth': 6, 'num_leaves': 31, 'min_child_samples': 100, 'subsample': 0.85, 'colsample_bytree': 0.85, 'reg_alpha': 0.1, 'reg_lambda': 1.0}. Best is trial 20 with value: 0.17435217572027584.
[I 2026-06-15 01:53:37,803] Trial 34 finished with value: 0.05439224074872852 and parameters: {'n_estimators': 900, 'learning_rate': 0.033504923054778236, 'max_depth': 6, 'num_leaves': 63, 'min_child_samples': 100, 'subsample': 0.8, 'colsample_bytree': 0.85, 'reg_alpha': 0.1, 'reg_lambda': 0.5}. Best is trial 20 with value: 0.17435217572027584.
[I 2026-06-15 01:54:10,707] Trial 35 finished with value: 0.06592814340428589 and parameters: {'n_estimators': 900, 'learning_rate': 0.03513952712633261, 'max_depth': 10, 'num_leaves': 31, 'min_child_samples': 100, 'subsample': 0.85, 'colsample_bytree': 1.0, 'reg_alpha': 0.1, 'reg_lambda': 1.5}. Best is trial 20 with value: 0.17435217572027584.
[I 2026-06-15 01:54:43,302] Trial 36 finished with value: 0.0756205314641046 and parameters: {'n_estimators': 700, 'learning_rate': 0.033017393598858046, 'max_depth': 8, 'num_leaves': 63, 'min_child_samples': 100, 'subsample': 0.85, 'colsample_bytree': 0.85, 'reg_alpha': 0.1, 'reg_lambda': 1.0}. Best is trial 20 with value: 0.17435217572027584.
[I 2026-06-15 01:55:15,242] Trial 37 finished with value: 0.07677495047154909 and parameters: {'n_estimators': 900, 'learning_rate': 0.04003194862632441, 'max_depth': 6, 'num_leaves': 31, 'min_child_samples': 150, 'subsample': 0.85, 'colsample_bytree': 0.85, 'reg_alpha': 0.1, 'reg_lambda': 1.5}. Best is trial 20 with value: 0.17435217572027584.
[I 2026-06-15 01:55:51,397] Trial 38 finished with value: 0.12734654082793506 and parameters: {'n_estimators': 900, 'learning_rate': 0.0383593266279824, 'max_depth': 10, 'num_leaves': 63, 'min_child_samples': 100, 'subsample': 0.85, 'colsample_bytree': 0.85, 'reg_alpha': 0.25, 'reg_lambda': 0.5}. Best is trial 20 with value: 0.17435217572027584.
[I 2026-06-15 01:56:21,674] Trial 39 finished with value: 0.07469095398141526 and parameters: {'n_estimators': 700, 'learning_rate': 0.04301183014766897, 'max_depth': 6, 'num_leaves': 31, 'min_child_samples': 150, 'subsample': 0.8, 'colsample_bytree': 1.0, 'reg_alpha': 0.1, 'reg_lambda': 1.5}. Best is trial 20 with value: 0.17435217572027584.
[I 2026-06-15 01:56:57,812] Trial 40 finished with value: 0.16746103384442626 and parameters: {'n_estimators': 900, 'learning_rate': 0.04141604028552085, 'max_depth': 8, 'num_leaves': 63, 'min_child_samples': 100, 'subsample': 0.85, 'colsample_bytree': 0.85, 'reg_alpha': 0.5, 'reg_lambda': 1.0}. Best is trial 20 with value: 0.17435217572027584.
[I 2026-06-15 01:57:34,068] Trial 41 finished with value: 0.10006326135589036 and parameters: {'n_estimators': 900, 'learning_rate': 0.03428211568156414, 'max_depth': 8, 'num_leaves': 63, 'min_child_samples': 100, 'subsample': 0.85, 'colsample_bytree': 0.85, 'reg_alpha': 0.5, 'reg_lambda': 1.0}. Best is trial 20 with value: 0.17435217572027584.
[I 2026-06-15 01:58:10,412] Trial 42 finished with value: 0.14407621702223244 and parameters: {'n_estimators': 900, 'learning_rate': 0.04464232402208985, 'max_depth': 8, 'num_leaves': 63, 'min_child_samples': 100, 'subsample': 0.85, 'colsample_bytree': 0.85, 'reg_alpha': 0.5, 'reg_lambda': 1.0}. Best is trial 20 with value: 0.17435217572027584.
[I 2026-06-15 01:58:47,094] Trial 43 finished with value: 0.09889960077137244 and parameters: {'n_estimators': 900, 'learning_rate': 0.04079780314965012, 'max_depth': 8, 'num_leaves': 63, 'min_child_samples': 100, 'subsample': 0.85, 'colsample_bytree': 0.85, 'reg_alpha': 0.5, 'reg_lambda': 1.0}. Best is trial 20 with value: 0.17435217572027584.
[I 2026-06-15 01:59:23,734] Trial 44 finished with value: 0.06031868107412721 and parameters: {'n_estimators': 900, 'learning_rate': 0.029497228022166384, 'max_depth': 8, 'num_leaves': 63, 'min_child_samples': 200, 'subsample': 0.85, 'colsample_bytree': 0.85, 'reg_alpha': 0.5, 'reg_lambda': 1.0}. Best is trial 20 with value: 0.17435217572027584.
[I 2026-06-15 01:59:59,924] Trial 45 finished with value: 0.04062065521470932 and parameters: {'n_estimators': 900, 'learning_rate': 0.03782018677746606, 'max_depth': 8, 'num_leaves': 63, 'min_child_samples': 100, 'subsample': 0.85, 'colsample_bytree': 0.85, 'reg_alpha': 0.1, 'reg_lambda': 1.5}. Best is trial 20 with value: 0.17435217572027584.
[I 2026-06-15 02:00:39,455] Trial 46 finished with value: 0.08009143316442077 and parameters: {'n_estimators': 1100, 'learning_rate': 0.03930700420577215, 'max_depth': 10, 'num_leaves': 63, 'min_child_samples': 150, 'subsample': 0.9, 'colsample_bytree': 0.85, 'reg_alpha': 0.25, 'reg_lambda': 1.0}. Best is trial 20 with value: 0.17435217572027584.
[I 2026-06-15 02:01:09,962] Trial 47 finished with value: 0.02869311831975169 and parameters: {'n_estimators': 700, 'learning_rate': 0.04655573652629418, 'max_depth': 6, 'num_leaves': 31, 'min_child_samples': 200, 'subsample': 0.8, 'colsample_bytree': 1.0, 'reg_alpha': 0.5, 'reg_lambda': 0.5}. Best is trial 20 with value: 0.17435217572027584.
[I 2026-06-15 02:01:43,915] Trial 48 finished with value: 0.06393328372314512 and parameters: {'n_estimators': 1100, 'learning_rate': 0.03673923687896712, 'max_depth': 8, 'num_leaves': 31, 'min_child_samples': 100, 'subsample': 0.9, 'colsample_bytree': 0.85, 'reg_alpha': 0.1, 'reg_lambda': 1.5}. Best is trial 20 with value: 0.17435217572027584.
[I 2026-06-15 02:02:15,775] Trial 49 finished with value: 0.11890610588875222 and parameters: {'n_estimators': 900, 'learning_rate': 0.04915387860555946, 'max_depth': 6, 'num_leaves': 31, 'min_child_samples': 100, 'subsample': 0.85, 'colsample_bytree': 0.85, 'reg_alpha': 0.1, 'reg_lambda': 2.0}. Best is trial 20 with value: 0.17435217572027584.
[I 2026-06-15 02:02:52,442] Trial 50 finished with value: 0.11084555495492102 and parameters: {'n_estimators': 1100, 'learning_rate': 0.04172708370348649, 'max_depth': 6, 'num_leaves': 63, 'min_child_samples': 100, 'subsample': 0.9, 'colsample_bytree': 0.85, 'reg_alpha': 0.5, 'reg_lambda': 1.5}. Best is trial 20 with value: 0.17435217572027584.
[I 2026-06-15 02:03:29,428] Trial 51 finished with value: 0.06473402477441279 and parameters: {'n_estimators': 900, 'learning_rate': 0.045392969725648206, 'max_depth': 8, 'num_leaves': 63, 'min_child_samples': 100, 'subsample': 0.85, 'colsample_bytree': 0.85, 'reg_alpha': 0.5, 'reg_lambda': 1.0}. Best is trial 20 with value: 0.17435217572027584.
[I 2026-06-15 02:04:05,659] Trial 52 finished with value: 0.05787565621213862 and parameters: {'n_estimators': 900, 'learning_rate': 0.04358965922596311, 'max_depth': 8, 'num_leaves': 63, 'min_child_samples': 100, 'subsample': 0.85, 'colsample_bytree': 0.85, 'reg_alpha': 0.5, 'reg_lambda': 1.0}. Best is trial 20 with value: 0.17435217572027584.
[I 2026-06-15 02:04:42,019] Trial 53 finished with value: 0.12661174242069606 and parameters: {'n_estimators': 900, 'learning_rate': 0.03509623085952589, 'max_depth': 8, 'num_leaves': 63, 'min_child_samples': 100, 'subsample': 0.85, 'colsample_bytree': 0.85, 'reg_alpha': 0.5, 'reg_lambda': 1.0}. Best is trial 20 with value: 0.17435217572027584.
[I 2026-06-15 02:05:18,280] Trial 54 finished with value: 0.05202542544322435 and parameters: {'n_estimators': 900, 'learning_rate': 0.04883486925158489, 'max_depth': 8, 'num_leaves': 63, 'min_child_samples': 100, 'subsample': 0.85, 'colsample_bytree': 0.85, 'reg_alpha': 0.5, 'reg_lambda': 1.0}. Best is trial 20 with value: 0.17435217572027584.
[I 2026-06-15 02:05:50,624] Trial 55 finished with value: 0.025684709557138214 and parameters: {'n_estimators': 900, 'learning_rate': 0.0441599226990403, 'max_depth': 8, 'num_leaves': 31, 'min_child_samples': 200, 'subsample': 0.85, 'colsample_bytree': 0.85, 'reg_alpha': 0.1, 'reg_lambda': 1.0}. Best is trial 20 with value: 0.17435217572027584.
[I 2026-06-15 02:06:27,174] Trial 56 finished with value: 0.10002294327597591 and parameters: {'n_estimators': 1100, 'learning_rate': 0.03907346806260442, 'max_depth': 6, 'num_leaves': 63, 'min_child_samples': 100, 'subsample': 0.9, 'colsample_bytree': 0.85, 'reg_alpha': 0.25, 'reg_lambda': 1.5}. Best is trial 20 with value: 0.17435217572027584.
[I 2026-06-15 02:06:59,083] Trial 57 finished with value: 0.11344781048389282 and parameters: {'n_estimators': 900, 'learning_rate': 0.03242677845986042, 'max_depth': 8, 'num_leaves': 31, 'min_child_samples': 150, 'subsample': 0.85, 'colsample_bytree': 0.85, 'reg_alpha': 0.1, 'reg_lambda': 2.0}. Best is trial 20 with value: 0.17435217572027584.
[I 2026-06-15 02:07:31,587] Trial 58 finished with value: 0.11280029394451288 and parameters: {'n_estimators': 900, 'learning_rate': 0.037365434741414676, 'max_depth': 6, 'num_leaves': 31, 'min_child_samples': 100, 'subsample': 0.85, 'colsample_bytree': 0.85, 'reg_alpha': 0.5, 'reg_lambda': 1.5}. Best is trial 20 with value: 0.17435217572027584.
[I 2026-06-15 02:08:07,057] Trial 59 finished with value: 0.05831540744192698 and parameters: {'n_estimators': 1100, 'learning_rate': 0.04142515496620853, 'max_depth': 10, 'num_leaves': 31, 'min_child_samples': 100, 'subsample': 0.9, 'colsample_bytree': 1.0, 'reg_alpha': 0.05, 'reg_lambda': 1.5}. Best is trial 20 with value: 0.17435217572027584.
[I 2026-06-15 02:08:40,442] Trial 60 finished with value: 0.04550947869835044 and parameters: {'n_estimators': 900, 'learning_rate': 0.04574766963080986, 'max_depth': 6, 'num_leaves': 63, 'min_child_samples': 100, 'subsample': 0.85, 'colsample_bytree': 0.85, 'reg_alpha': 0.1, 'reg_lambda': 1.0}. Best is trial 20 with value: 0.17435217572027584.
[I 2026-06-15 02:09:14,822] Trial 61 finished with value: 0.1355113133765706 and parameters: {'n_estimators': 1100, 'learning_rate': 0.02962365014211147, 'max_depth': 6, 'num_leaves': 31, 'min_child_samples': 100, 'subsample': 0.9, 'colsample_bytree': 0.85, 'reg_alpha': 0.1, 'reg_lambda': 1.5}. Best is trial 20 with value: 0.17435217572027584.
[I 2026-06-15 02:09:49,340] Trial 62 finished with value: 0.05509230101910297 and parameters: {'n_estimators': 1100, 'learning_rate': 0.030205870345327325, 'max_depth': 6, 'num_leaves': 31, 'min_child_samples': 100, 'subsample': 0.9, 'colsample_bytree': 0.85, 'reg_alpha': 0.1, 'reg_lambda': 1.5}. Best is trial 20 with value: 0.17435217572027584.
[I 2026-06-15 02:10:23,671] Trial 63 finished with value: 0.05168050500135076 and parameters: {'n_estimators': 1100, 'learning_rate': 0.03420917780986614, 'max_depth': 6, 'num_leaves': 31, 'min_child_samples': 100, 'subsample': 0.9, 'colsample_bytree': 0.85, 'reg_alpha': 0.1, 'reg_lambda': 1.5}. Best is trial 20 with value: 0.17435217572027584.
[I 2026-06-15 02:10:58,081] Trial 64 finished with value: 0.10677959590866141 and parameters: {'n_estimators': 1100, 'learning_rate': 0.042470640293298514, 'max_depth': 6, 'num_leaves': 31, 'min_child_samples': 100, 'subsample': 0.9, 'colsample_bytree': 0.85, 'reg_alpha': 0.1, 'reg_lambda': 1.5}. Best is trial 20 with value: 0.17435217572027584.
[I 2026-06-15 02:11:32,886] Trial 65 finished with value: 0.10882210464591563 and parameters: {'n_estimators': 1100, 'learning_rate': 0.03220770476318266, 'max_depth': 6, 'num_leaves': 31, 'min_child_samples': 100, 'subsample': 0.9, 'colsample_bytree': 0.85, 'reg_alpha': 0.1, 'reg_lambda': 1.5}. Best is trial 20 with value: 0.17435217572027584.
[I 2026-06-15 02:12:02,095] Trial 66 finished with value: 0.13627252356246355 and parameters: {'n_estimators': 700, 'learning_rate': 0.03991380695709389, 'max_depth': 6, 'num_leaves': 31, 'min_child_samples': 100, 'subsample': 0.8, 'colsample_bytree': 0.85, 'reg_alpha': 0.1, 'reg_lambda': 1.5}. Best is trial 20 with value: 0.17435217572027584.
[I 2026-06-15 02:12:33,867] Trial 67 finished with value: 0.1025426313252822 and parameters: {'n_estimators': 900, 'learning_rate': 0.05188760148611394, 'max_depth': 6, 'num_leaves': 31, 'min_child_samples': 100, 'subsample': 0.85, 'colsample_bytree': 0.85, 'reg_alpha': 0.1, 'reg_lambda': 0.5}. Best is trial 20 with value: 0.17435217572027584.
[I 2026-06-15 02:13:06,066] Trial 68 finished with value: 0.05123295157218589 and parameters: {'n_estimators': 900, 'learning_rate': 0.03543700027029853, 'max_depth': 6, 'num_leaves': 31, 'min_child_samples': 200, 'subsample': 0.85, 'colsample_bytree': 0.85, 'reg_alpha': 0.05, 'reg_lambda': 1.5}. Best is trial 20 with value: 0.17435217572027584.
[I 2026-06-15 02:13:39,175] Trial 69 finished with value: 0.09626814232751955 and parameters: {'n_estimators': 900, 'learning_rate': 0.0360425680920784, 'max_depth': 8, 'num_leaves': 31, 'min_child_samples': 100, 'subsample': 0.9, 'colsample_bytree': 1.0, 'reg_alpha': 0.5, 'reg_lambda': 2.0}. Best is trial 20 with value: 0.17435217572027584.
[I 2026-06-15 02:14:14,162] Trial 70 finished with value: 0.11993141497803139 and parameters: {'n_estimators': 1100, 'learning_rate': 0.03833857578375258, 'max_depth': 6, 'num_leaves': 31, 'min_child_samples': 100, 'subsample': 0.85, 'colsample_bytree': 0.85, 'reg_alpha': 0.1, 'reg_lambda': 1.5}. Best is trial 20 with value: 0.17435217572027584.
[I 2026-06-15 02:14:48,642] Trial 71 finished with value: 0.12022894543615505 and parameters: {'n_estimators': 1100, 'learning_rate': 0.03136240784711535, 'max_depth': 6, 'num_leaves': 31, 'min_child_samples': 100, 'subsample': 0.9, 'colsample_bytree': 0.85, 'reg_alpha': 0.05, 'reg_lambda': 1.5}. Best is trial 20 with value: 0.17435217572027584.
[I 2026-06-15 02:15:23,155] Trial 72 finished with value: 0.1159101576091545 and parameters: {'n_estimators': 1100, 'learning_rate': 0.030638204890413443, 'max_depth': 6, 'num_leaves': 31, 'min_child_samples': 100, 'subsample': 0.9, 'colsample_bytree': 0.85, 'reg_alpha': 0.05, 'reg_lambda': 1.5}. Best is trial 20 with value: 0.17435217572027584.
[I 2026-06-15 02:15:57,503] Trial 73 finished with value: 0.09426668738552185 and parameters: {'n_estimators': 1100, 'learning_rate': 0.028671710391437268, 'max_depth': 6, 'num_leaves': 31, 'min_child_samples': 100, 'subsample': 0.9, 'colsample_bytree': 0.85, 'reg_alpha': 0.05, 'reg_lambda': 1.5}. Best is trial 20 with value: 0.17435217572027584.
[I 2026-06-15 02:16:31,855] Trial 74 finished with value: 0.09865597977853714 and parameters: {'n_estimators': 1100, 'learning_rate': 0.03195866630502067, 'max_depth': 6, 'num_leaves': 31, 'min_child_samples': 100, 'subsample': 0.9, 'colsample_bytree': 0.85, 'reg_alpha': 0.05, 'reg_lambda': 1.5}. Best is trial 20 with value: 0.17435217572027584.
[I 2026-06-15 02:17:03,633] Trial 75 finished with value: 0.062498061291171685 and parameters: {'n_estimators': 900, 'learning_rate': 0.03366882025348193, 'max_depth': 10, 'num_leaves': 31, 'min_child_samples': 150, 'subsample': 0.85, 'colsample_bytree': 0.85, 'reg_alpha': 0.1, 'reg_lambda': 1.0}. Best is trial 20 with value: 0.17435217572027584.
[I 2026-06-15 02:17:36,950] Trial 76 finished with value: 0.12995581769828873 and parameters: {'n_estimators': 900, 'learning_rate': 0.030515577685645674, 'max_depth': 6, 'num_leaves': 63, 'min_child_samples': 100, 'subsample': 0.8, 'colsample_bytree': 0.85, 'reg_alpha': 0.25, 'reg_lambda': 1.5}. Best is trial 20 with value: 0.17435217572027584.
[I 2026-06-15 02:18:06,643] Trial 77 finished with value: 0.14016049291598862 and parameters: {'n_estimators': 700, 'learning_rate': 0.03288360911203832, 'max_depth': 6, 'num_leaves': 31, 'min_child_samples': 100, 'subsample': 0.85, 'colsample_bytree': 0.85, 'reg_alpha': 0.5, 'reg_lambda': 1.5}. Best is trial 20 with value: 0.17435217572027584.
[I 2026-06-15 02:18:35,942] Trial 78 finished with value: 0.045881327035242794 and parameters: {'n_estimators': 700, 'learning_rate': 0.04108308808195086, 'max_depth': 8, 'num_leaves': 31, 'min_child_samples': 100, 'subsample': 0.85, 'colsample_bytree': 0.85, 'reg_alpha': 0.5, 'reg_lambda': 1.5}. Best is trial 20 with value: 0.17435217572027584.
[I 2026-06-15 02:19:06,537] Trial 79 finished with value: 0.12043928282789458 and parameters: {'n_estimators': 700, 'learning_rate': 0.03308043765811202, 'max_depth': 6, 'num_leaves': 63, 'min_child_samples': 100, 'subsample': 0.85, 'colsample_bytree': 0.85, 'reg_alpha': 0.5, 'reg_lambda': 0.5}. Best is trial 20 with value: 0.17435217572027584.
[I 2026-06-15 02:19:37,574] Trial 80 finished with value: 0.11432586954953092 and parameters: {'n_estimators': 700, 'learning_rate': 0.03678809728963977, 'max_depth': 6, 'num_leaves': 31, 'min_child_samples': 100, 'subsample': 0.85, 'colsample_bytree': 1.0, 'reg_alpha': 0.5, 'reg_lambda': 1.0}. Best is trial 20 with value: 0.17435217572027584.
[I 2026-06-15 02:20:07,123] Trial 81 finished with value: 0.1136116489317689 and parameters: {'n_estimators': 700, 'learning_rate': 0.03117210377415047, 'max_depth': 6, 'num_leaves': 31, 'min_child_samples': 100, 'subsample': 0.85, 'colsample_bytree': 0.85, 'reg_alpha': 0.5, 'reg_lambda': 1.5}. Best is trial 20 with value: 0.17435217572027584.
[I 2026-06-15 02:20:36,243] Trial 82 finished with value: 0.06722560506479842 and parameters: {'n_estimators': 700, 'learning_rate': 0.03490236429445905, 'max_depth': 6, 'num_leaves': 31, 'min_child_samples': 100, 'subsample': 0.85, 'colsample_bytree': 0.85, 'reg_alpha': 0.1, 'reg_lambda': 1.5}. Best is trial 20 with value: 0.17435217572027584.
[I 2026-06-15 02:21:08,632] Trial 83 finished with value: 0.12012709139551991 and parameters: {'n_estimators': 900, 'learning_rate': 0.032809981563524944, 'max_depth': 6, 'num_leaves': 31, 'min_child_samples': 100, 'subsample': 0.85, 'colsample_bytree': 0.85, 'reg_alpha': 0.5, 'reg_lambda': 1.5}. Best is trial 20 with value: 0.17435217572027584.
[I 2026-06-15 02:21:43,512] Trial 84 finished with value: 0.10603519350065847 and parameters: {'n_estimators': 1100, 'learning_rate': 0.03442003725941238, 'max_depth': 6, 'num_leaves': 31, 'min_child_samples': 100, 'subsample': 0.9, 'colsample_bytree': 0.85, 'reg_alpha': 0.1, 'reg_lambda': 1.5}. Best is trial 20 with value: 0.17435217572027584.
[I 2026-06-15 02:22:15,164] Trial 85 finished with value: 0.09134657417861954 and parameters: {'n_estimators': 900, 'learning_rate': 0.04340010255609238, 'max_depth': 8, 'num_leaves': 31, 'min_child_samples': 100, 'subsample': 0.85, 'colsample_bytree': 0.85, 'reg_alpha': 0.05, 'reg_lambda': 1.5}. Best is trial 20 with value: 0.17435217572027584.
