[I 2026-06-14 22:29:33,626] Trial 48 finished with value: 0.19691187684577321 and parameters: {'n_estimators': 900, 'learning_rate': 0.03079932043975503, 'max_depth': 10, 'num_leaves': 63, 'min_child_samples': 150, 'subsample': 0.8, 'colsample_bytree': 0.85, 'reg_alpha': 0.1, 'reg_lambda': 1.5}. Best is trial 30 with value: 0.2928755577634735.
[I 2026-06-14 22:30:50,031] Trial 49 finished with value: 0.21117230888247854 and parameters: {'n_estimators': 1100, 'learning_rate': 0.04247499919864248, 'max_depth': 10, 'num_leaves': 63, 'min_child_samples': 150, 'subsample': 0.85, 'colsample_bytree': 1.0, 'reg_alpha': 0.25, 'reg_lambda': 1.0}. Best is trial 30 with value: 0.2928755577634735.
[I 2026-06-14 22:31:57,443] Trial 50 finished with value: 0.109633618462805 and parameters: {'n_estimators': 700, 'learning_rate': 0.04735015152189056, 'max_depth': 10, 'num_leaves': 63, 'min_child_samples': 150, 'subsample': 0.85, 'colsample_bytree': 1.0, 'reg_alpha': 0.5, 'reg_lambda': 2.0}. Best is trial 30 with value: 0.2928755577634735.
[I 2026-06-14 22:33:04,994] Trial 51 finished with value: 0.24898017647543927 and parameters: {'n_estimators': 700, 'learning_rate': 0.04386536385547708, 'max_depth': 8, 'num_leaves': 63, 'min_child_samples': 100, 'subsample': 0.85, 'colsample_bytree': 1.0, 'reg_alpha': 0.5, 'reg_lambda': 0.5}. Best is trial 30 with value: 0.2928755577634735.
[I 2026-06-14 22:34:12,641] Trial 52 finished with value: 0.22197098203983878 and parameters: {'n_estimators': 700, 'learning_rate': 0.04453782392536846, 'max_depth': 8, 'num_leaves': 63, 'min_child_samples': 100, 'subsample': 0.85, 'colsample_bytree': 1.0, 'reg_alpha': 0.5, 'reg_lambda': 0.5}. Best is trial 30 with value: 0.2928755577634735.
[I 2026-06-14 22:35:19,731] Trial 53 finished with value: 0.26131337864661 and parameters: {'n_estimators': 700, 'learning_rate': 0.039608560625571373, 'max_depth': 8, 'num_leaves': 63, 'min_child_samples': 100, 'subsample': 0.85, 'colsample_bytree': 1.0, 'reg_alpha': 0.5, 'reg_lambda': 0.5}. Best is trial 30 with value: 0.2928755577634735.
[I 2026-06-14 22:36:27,476] Trial 54 finished with value: 0.18425402602444146 and parameters: {'n_estimators': 700, 'learning_rate': 0.039940967441674774, 'max_depth': 8, 'num_leaves': 63, 'min_child_samples': 100, 'subsample': 0.85, 'colsample_bytree': 1.0, 'reg_alpha': 0.5, 'reg_lambda': 0.5}. Best is trial 30 with value: 0.2928755577634735.
[I 2026-06-14 22:37:34,925] Trial 55 finished with value: 0.26123034140711454 and parameters: {'n_estimators': 700, 'learning_rate': 0.03842918594672273, 'max_depth': 8, 'num_leaves': 63, 'min_child_samples': 100, 'subsample': 0.85, 'colsample_bytree': 1.0, 'reg_alpha': 0.5, 'reg_lambda': 0.5}. Best is trial 30 with value: 0.2928755577634735.
[I 2026-06-14 22:38:42,131] Trial 56 finished with value: 0.2671568446064049 and parameters: {'n_estimators': 700, 'learning_rate': 0.03809286932120655, 'max_depth': 8, 'num_leaves': 63, 'min_child_samples': 100, 'subsample': 0.85, 'colsample_bytree': 1.0, 'reg_alpha': 0.5, 'reg_lambda': 0.5}. Best is trial 30 with value: 0.2928755577634735.
[I 2026-06-14 22:39:49,787] Trial 57 finished with value: 0.24396277305210842 and parameters: {'n_estimators': 700, 'learning_rate': 0.03851649145620588, 'max_depth': 8, 'num_leaves': 63, 'min_child_samples': 100, 'subsample': 0.85, 'colsample_bytree': 1.0, 'reg_alpha': 0.5, 'reg_lambda': 0.5}. Best is trial 30 with value: 0.2928755577634735.
[I 2026-06-14 22:40:57,475] Trial 58 finished with value: 0.2245008499028455 and parameters: {'n_estimators': 700, 'learning_rate': 0.03609464999993156, 'max_depth': 8, 'num_leaves': 63, 'min_child_samples': 100, 'subsample': 0.85, 'colsample_bytree': 1.0, 'reg_alpha': 0.5, 'reg_lambda': 0.5}. Best is trial 30 with value: 0.2928755577634735.
[I 2026-06-14 22:42:05,471] Trial 59 finished with value: 0.19669268470851745 and parameters: {'n_estimators': 700, 'learning_rate': 0.03816509481416913, 'max_depth': 8, 'num_leaves': 63, 'min_child_samples': 100, 'subsample': 0.85, 'colsample_bytree': 1.0, 'reg_alpha': 0.5, 'reg_lambda': 0.5}. Best is trial 30 with value: 0.2928755577634735.
[I 2026-06-14 22:43:13,357] Trial 60 finished with value: 0.27599630443285944 and parameters: {'n_estimators': 700, 'learning_rate': 0.03954796349014473, 'max_depth': 8, 'num_leaves': 63, 'min_child_samples': 100, 'subsample': 0.85, 'colsample_bytree': 1.0, 'reg_alpha': 0.5, 'reg_lambda': 0.5}. Best is trial 30 with value: 0.2928755577634735.
[I 2026-06-14 22:44:21,118] Trial 61 finished with value: 0.1574596263941092 and parameters: {'n_estimators': 700, 'learning_rate': 0.03997680136708433, 'max_depth': 8, 'num_leaves': 63, 'min_child_samples': 100, 'subsample': 0.85, 'colsample_bytree': 1.0, 'reg_alpha': 0.5, 'reg_lambda': 0.5}. Best is trial 30 with value: 0.2928755577634735.
[I 2026-06-14 22:45:28,981] Trial 62 finished with value: 0.23716507392155894 and parameters: {'n_estimators': 700, 'learning_rate': 0.03767586788435364, 'max_depth': 8, 'num_leaves': 63, 'min_child_samples': 100, 'subsample': 0.85, 'colsample_bytree': 1.0, 'reg_alpha': 0.5, 'reg_lambda': 0.5}. Best is trial 30 with value: 0.2928755577634735.
[I 2026-06-14 22:46:36,775] Trial 63 finished with value: 0.139679631691384 and parameters: {'n_estimators': 700, 'learning_rate': 0.03942448763141103, 'max_depth': 8, 'num_leaves': 63, 'min_child_samples': 100, 'subsample': 0.85, 'colsample_bytree': 1.0, 'reg_alpha': 0.5, 'reg_lambda': 0.5}. Best is trial 30 with value: 0.2928755577634735.
[I 2026-06-14 22:47:44,260] Trial 64 finished with value: 0.15364834931208052 and parameters: {'n_estimators': 700, 'learning_rate': 0.04157992042330492, 'max_depth': 8, 'num_leaves': 63, 'min_child_samples': 100, 'subsample': 0.85, 'colsample_bytree': 1.0, 'reg_alpha': 0.5, 'reg_lambda': 0.5}. Best is trial 30 with value: 0.2928755577634735.
[I 2026-06-14 22:48:52,395] Trial 65 finished with value: 0.18930605497351852 and parameters: {'n_estimators': 700, 'learning_rate': 0.03668562419355403, 'max_depth': 8, 'num_leaves': 63, 'min_child_samples': 100, 'subsample': 0.85, 'colsample_bytree': 1.0, 'reg_alpha': 0.5, 'reg_lambda': 0.5}. Best is trial 30 with value: 0.2928755577634735.
[I 2026-06-14 22:50:00,345] Trial 66 finished with value: 0.21484576216797122 and parameters: {'n_estimators': 700, 'learning_rate': 0.03479827784773062, 'max_depth': 8, 'num_leaves': 63, 'min_child_samples': 100, 'subsample': 0.85, 'colsample_bytree': 1.0, 'reg_alpha': 0.5, 'reg_lambda': 0.5}. Best is trial 30 with value: 0.2928755577634735.
[I 2026-06-14 22:51:02,854] Trial 67 finished with value: 0.23050423248713778 and parameters: {'n_estimators': 700, 'learning_rate': 0.0406987459346844, 'max_depth': 8, 'num_leaves': 31, 'min_child_samples': 100, 'subsample': 0.85, 'colsample_bytree': 1.0, 'reg_alpha': 0.5, 'reg_lambda': 0.5}. Best is trial 30 with value: 0.2928755577634735.
[I 2026-06-14 22:52:10,695] Trial 68 finished with value: 0.19614559286644673 and parameters: {'n_estimators': 700, 'learning_rate': 0.04266067228608283, 'max_depth': 8, 'num_leaves': 63, 'min_child_samples': 100, 'subsample': 0.9, 'colsample_bytree': 1.0, 'reg_alpha': 0.5, 'reg_lambda': 0.5}. Best is trial 30 with value: 0.2928755577634735.
[I 2026-06-14 22:53:16,562] Trial 69 finished with value: 0.13492860882097515 and parameters: {'n_estimators': 700, 'learning_rate': 0.039146303738980134, 'max_depth': 8, 'num_leaves': 63, 'min_child_samples': 100, 'subsample': 0.85, 'colsample_bytree': 0.85, 'reg_alpha': 0.5, 'reg_lambda': 0.5}. Best is trial 30 with value: 0.2928755577634735.
[I 2026-06-14 22:54:20,321] Trial 70 finished with value: 0.14707397428517038 and parameters: {'n_estimators': 700, 'learning_rate': 0.037765704706527396, 'max_depth': 6, 'num_leaves': 63, 'min_child_samples': 200, 'subsample': 0.85, 'colsample_bytree': 1.0, 'reg_alpha': 0.5, 'reg_lambda': 2.0}. Best is trial 30 with value: 0.2928755577634735.
[I 2026-06-14 22:55:27,768] Trial 71 finished with value: 0.18705078121686872 and parameters: {'n_estimators': 700, 'learning_rate': 0.043291068155170975, 'max_depth': 8, 'num_leaves': 63, 'min_child_samples': 100, 'subsample': 0.85, 'colsample_bytree': 1.0, 'reg_alpha': 0.5, 'reg_lambda': 0.5}. Best is trial 30 with value: 0.2928755577634735.
[I 2026-06-14 22:56:35,553] Trial 72 finished with value: 0.1518447672673798 and parameters: {'n_estimators': 700, 'learning_rate': 0.036622469517659004, 'max_depth': 8, 'num_leaves': 63, 'min_child_samples': 100, 'subsample': 0.85, 'colsample_bytree': 1.0, 'reg_alpha': 0.5, 'reg_lambda': 0.5}. Best is trial 30 with value: 0.2928755577634735.
[I 2026-06-14 22:57:43,406] Trial 73 finished with value: 0.17297906968256993 and parameters: {'n_estimators': 700, 'learning_rate': 0.03356010080783014, 'max_depth': 8, 'num_leaves': 63, 'min_child_samples': 100, 'subsample': 0.85, 'colsample_bytree': 1.0, 'reg_alpha': 0.5, 'reg_lambda': 0.5}. Best is trial 30 with value: 0.2928755577634735.
[I 2026-06-14 22:58:50,682] Trial 74 finished with value: 0.1834833995613295 and parameters: {'n_estimators': 700, 'learning_rate': 0.040980616164778064, 'max_depth': 8, 'num_leaves': 63, 'min_child_samples': 100, 'subsample': 0.85, 'colsample_bytree': 1.0, 'reg_alpha': 0.05, 'reg_lambda': 0.5}. Best is trial 30 with value: 0.2928755577634735.
[I 2026-06-14 23:00:08,055] Trial 75 finished with value: 0.2105858486620095 and parameters: {'n_estimators': 1100, 'learning_rate': 0.04018165310364138, 'max_depth': 8, 'num_leaves': 63, 'min_child_samples': 100, 'subsample': 0.85, 'colsample_bytree': 1.0, 'reg_alpha': 0.5, 'reg_lambda': 0.5}. Best is trial 30 with value: 0.2928755577634735.
[I 2026-06-14 23:01:15,283] Trial 76 finished with value: 0.22878941493671648 and parameters: {'n_estimators': 700, 'learning_rate': 0.04384375187088346, 'max_depth': 8, 'num_leaves': 63, 'min_child_samples': 100, 'subsample': 0.85, 'colsample_bytree': 1.0, 'reg_alpha': 0.1, 'reg_lambda': 0.5}. Best is trial 30 with value: 0.2928755577634735.
[I 2026-06-14 23:02:22,674] Trial 77 finished with value: 0.2258629749974988 and parameters: {'n_estimators': 700, 'learning_rate': 0.0421792055949908, 'max_depth': 8, 'num_leaves': 63, 'min_child_samples': 100, 'subsample': 0.9, 'colsample_bytree': 1.0, 'reg_alpha': 0.5, 'reg_lambda': 1.0}. Best is trial 30 with value: 0.2928755577634735.
[I 2026-06-14 23:03:24,181] Trial 78 finished with value: 0.22635750893393042 and parameters: {'n_estimators': 700, 'learning_rate': 0.04611531734112975, 'max_depth': 8, 'num_leaves': 31, 'min_child_samples': 100, 'subsample': 0.85, 'colsample_bytree': 1.0, 'reg_alpha': 0.5, 'reg_lambda': 0.5}. Best is trial 30 with value: 0.2928755577634735.
[I 2026-06-14 23:04:29,808] Trial 79 finished with value: 0.15432975800115303 and parameters: {'n_estimators': 700, 'learning_rate': 0.03903468297253459, 'max_depth': 8, 'num_leaves': 63, 'min_child_samples': 100, 'subsample': 0.85, 'colsample_bytree': 0.85, 'reg_alpha': 0.5, 'reg_lambda': 0.5}. Best is trial 30 with value: 0.2928755577634735.
[I 2026-06-14 23:05:33,610] Trial 80 finished with value: 0.12516296574784677 and parameters: {'n_estimators': 700, 'learning_rate': 0.044255564559089015, 'max_depth': 6, 'num_leaves': 63, 'min_child_samples': 200, 'subsample': 0.85, 'colsample_bytree': 1.0, 'reg_alpha': 0.5, 'reg_lambda': 0.5}. Best is trial 30 with value: 0.2928755577634735.
[I 2026-06-14 23:06:42,025] Trial 81 finished with value: 0.1764376663241621 and parameters: {'n_estimators': 700, 'learning_rate': 0.038476937785962013, 'max_depth': 8, 'num_leaves': 63, 'min_child_samples': 100, 'subsample': 0.85, 'colsample_bytree': 1.0, 'reg_alpha': 0.5, 'reg_lambda': 0.5}. Best is trial 30 with value: 0.2928755577634735.
[I 2026-06-14 23:07:49,735] Trial 82 finished with value: 0.14192679137495556 and parameters: {'n_estimators': 700, 'learning_rate': 0.03824632099713571, 'max_depth': 8, 'num_leaves': 63, 'min_child_samples': 100, 'subsample': 0.85, 'colsample_bytree': 1.0, 'reg_alpha': 0.5, 'reg_lambda': 0.5}. Best is trial 30 with value: 0.2928755577634735.
[I 2026-06-14 23:08:56,418] Trial 83 finished with value: 0.18361284423385896 and parameters: {'n_estimators': 700, 'learning_rate': 0.04151551931904245, 'max_depth': 8, 'num_leaves': 63, 'min_child_samples': 100, 'subsample': 0.85, 'colsample_bytree': 1.0, 'reg_alpha': 0.5, 'reg_lambda': 0.5}. Best is trial 30 with value: 0.2928755577634735.
[I 2026-06-14 23:10:03,259] Trial 84 finished with value: 0.19453746425065718 and parameters: {'n_estimators': 700, 'learning_rate': 0.04935416152135866, 'max_depth': 8, 'num_leaves': 63, 'min_child_samples': 100, 'subsample': 0.85, 'colsample_bytree': 1.0, 'reg_alpha': 0.5, 'reg_lambda': 0.5}. Best is trial 30 with value: 0.2928755577634735.
[I 2026-06-14 23:11:19,422] Trial 85 finished with value: 0.2530808828485522 and parameters: {'n_estimators': 1100, 'learning_rate': 0.03594751371463912, 'max_depth': 8, 'num_leaves': 63, 'min_child_samples': 100, 'subsample': 0.85, 'colsample_bytree': 1.0, 'reg_alpha': 0.05, 'reg_lambda': 1.5}. Best is trial 30 with value: 0.2928755577634735.
[I 2026-06-14 23:12:35,767] Trial 86 finished with value: 0.14500050875289072 and parameters: {'n_estimators': 1100, 'learning_rate': 0.033957486921013365, 'max_depth': 8, 'num_leaves': 63, 'min_child_samples': 100, 'subsample': 0.85, 'colsample_bytree': 1.0, 'reg_alpha': 0.05, 'reg_lambda': 1.5}. Best is trial 30 with value: 0.2928755577634735.
[I 2026-06-14 23:13:51,965] Trial 87 finished with value: 0.2540756822059228 and parameters: {'n_estimators': 1100, 'learning_rate': 0.03577219055279004, 'max_depth': 8, 'num_leaves': 63, 'min_child_samples': 100, 'subsample': 0.85, 'colsample_bytree': 1.0, 'reg_alpha': 0.05, 'reg_lambda': 1.5}. Best is trial 30 with value: 0.2928755577634735.
[I 2026-06-14 23:15:08,775] Trial 88 finished with value: 0.15835497116357639 and parameters: {'n_estimators': 1100, 'learning_rate': 0.035423828817547624, 'max_depth': 8, 'num_leaves': 63, 'min_child_samples': 150, 'subsample': 0.9, 'colsample_bytree': 1.0, 'reg_alpha': 0.05, 'reg_lambda': 1.5}. Best is trial 30 with value: 0.2928755577634735.
[I 2026-06-14 23:16:18,003] Trial 89 finished with value: 0.2606993447669304 and parameters: {'n_estimators': 1100, 'learning_rate': 0.03699805711779906, 'max_depth': 8, 'num_leaves': 31, 'min_child_samples': 100, 'subsample': 0.85, 'colsample_bytree': 1.0, 'reg_alpha': 0.05, 'reg_lambda': 1.5}. Best is trial 30 with value: 0.2928755577634735.
[I 2026-06-14 23:17:28,316] Trial 90 finished with value: 0.1429670583724858 and parameters: {'n_estimators': 1100, 'learning_rate': 0.03699034874769694, 'max_depth': 6, 'num_leaves': 31, 'min_child_samples': 100, 'subsample': 0.85, 'colsample_bytree': 1.0, 'reg_alpha': 0.05, 'reg_lambda': 1.5}. Best is trial 30 with value: 0.2928755577634735.
[I 2026-06-14 23:18:37,395] Trial 91 finished with value: 0.27482417019129296 and parameters: {'n_estimators': 1100, 'learning_rate': 0.036066896441877355, 'max_depth': 8, 'num_leaves': 31, 'min_child_samples': 100, 'subsample': 0.85, 'colsample_bytree': 1.0, 'reg_alpha': 0.05, 'reg_lambda': 1.5}. Best is trial 30 with value: 0.2928755577634735.
[I 2026-06-14 23:19:46,443] Trial 92 finished with value: 0.1694132870900514 and parameters: {'n_estimators': 1100, 'learning_rate': 0.035214721353025044, 'max_depth': 8, 'num_leaves': 31, 'min_child_samples': 100, 'subsample': 0.85, 'colsample_bytree': 1.0, 'reg_alpha': 0.05, 'reg_lambda': 1.5}. Best is trial 30 with value: 0.2928755577634735.
[I 2026-06-14 23:20:55,564] Trial 93 finished with value: 0.17344034091189028 and parameters: {'n_estimators': 1100, 'learning_rate': 0.0378216331127983, 'max_depth': 8, 'num_leaves': 31, 'min_child_samples': 100, 'subsample': 0.85, 'colsample_bytree': 1.0, 'reg_alpha': 0.05, 'reg_lambda': 1.5}. Best is trial 30 with value: 0.2928755577634735.
[I 2026-06-14 23:22:05,166] Trial 94 finished with value: 0.1675371756434569 and parameters: {'n_estimators': 1100, 'learning_rate': 0.0365073598596433, 'max_depth': 8, 'num_leaves': 31, 'min_child_samples': 100, 'subsample': 0.85, 'colsample_bytree': 1.0, 'reg_alpha': 0.05, 'reg_lambda': 1.5}. Best is trial 30 with value: 0.2928755577634735.
[I 2026-06-14 23:23:14,623] Trial 95 finished with value: 0.18210435567624264 and parameters: {'n_estimators': 1100, 'learning_rate': 0.03726067277249648, 'max_depth': 8, 'num_leaves': 31, 'min_child_samples': 150, 'subsample': 0.8, 'colsample_bytree': 1.0, 'reg_alpha': 0.05, 'reg_lambda': 1.5}. Best is trial 30 with value: 0.2928755577634735.
[I 2026-06-14 23:24:23,081] Trial 96 finished with value: 0.1901448618239668 and parameters: {'n_estimators': 1100, 'learning_rate': 0.05079669092851303, 'max_depth': 8, 'num_leaves': 31, 'min_child_samples': 100, 'subsample': 0.85, 'colsample_bytree': 1.0, 'reg_alpha': 0.05, 'reg_lambda': 1.5}. Best is trial 30 with value: 0.2928755577634735.
[I 2026-06-14 23:25:30,530] Trial 97 finished with value: 0.022411473008222237 and parameters: {'n_estimators': 1100, 'learning_rate': 0.03446333814635934, 'max_depth': 10, 'num_leaves': 31, 'min_child_samples': 200, 'subsample': 0.85, 'colsample_bytree': 0.85, 'reg_alpha': 0.05, 'reg_lambda': 1.5}. Best is trial 30 with value: 0.2928755577634735.
[I 2026-06-14 23:26:36,244] Trial 98 finished with value: 0.1731507020158534 and parameters: {'n_estimators': 900, 'learning_rate': 0.0321565942824878, 'max_depth': 8, 'num_leaves': 31, 'min_child_samples': 100, 'subsample': 0.85, 'colsample_bytree': 1.0, 'reg_alpha': 0.1, 'reg_lambda': 1.5}. Best is trial 30 with value: 0.2928755577634735.
[I 2026-06-14 23:27:45,714] Trial 99 finished with value: 0.21827024033690362 and parameters: {'n_estimators': 1100, 'learning_rate': 0.03943111551223441, 'max_depth': 8, 'num_leaves': 31, 'min_child_samples': 150, 'subsample': 0.8, 'colsample_bytree': 1.0, 'reg_alpha': 0.05, 'reg_lambda': 2.0}. Best is trial 30 with value: 0.2928755577634735.
[I 2026-06-14 23:27:46,064] A new study created in RDB with name: cat_optuna_1d
Starting CatBoost Optuna trial 0
[I 2026-06-14 23:28:58,732] Trial 0 finished with value: 0.17903028238792648 and parameters: {'iterations': 1200, 'learning_rate': 0.032710707563348256, 'depth': 5, 'l2_leaf_reg': 7.0, 'random_strength': 2.0, 'bagging_temperature': 1.0, 'border_count': 128}. Best is trial 0 with value: 0.17903028238792648.
Starting CatBoost Optuna trial 1
[I 2026-06-14 23:30:14,390] Trial 1 finished with value: 0.11639553185664846 and parameters: {'iterations': 1200, 'learning_rate': 0.03435358021850676, 'depth': 6, 'l2_leaf_reg': 7.0, 'random_strength': 2.0, 'bagging_temperature': 0.5, 'border_count': 128}. Best is trial 0 with value: 0.17903028238792648.
Starting CatBoost Optuna trial 2
[I 2026-06-14 23:31:25,368] Trial 2 finished with value: 0.054612232444069646 and parameters: {'iterations': 1000, 'learning_rate': 0.03704403966131664, 'depth': 6, 'l2_leaf_reg': 3.0, 'random_strength': 1.0, 'bagging_temperature': 1.5, 'border_count': 128}. Best is trial 0 with value: 0.17903028238792648.
Starting CatBoost Optuna trial 3
[I 2026-06-14 23:32:36,476] Trial 3 finished with value: 0.21783995124022326 and parameters: {'iterations': 1000, 'learning_rate': 0.029488817280635623, 'depth': 6, 'l2_leaf_reg': 3.0, 'random_strength': 1.0, 'bagging_temperature': 1.0, 'border_count': 128}. Best is trial 3 with value: 0.21783995124022326.
Starting CatBoost Optuna trial 4
[I 2026-06-14 23:33:44,176] Trial 4 finished with value: 0.16857826057256545 and parameters: {'iterations': 700, 'learning_rate': 0.02984124579880565, 'depth': 7, 'l2_leaf_reg': 7.0, 'random_strength': 3.0, 'bagging_temperature': 1.0, 'border_count': 128}. Best is trial 3 with value: 0.21783995124022326.
Starting CatBoost Optuna trial 5
[I 2026-06-14 23:35:05,132] Trial 5 finished with value: 0.23381905276195003 and parameters: {'iterations': 1200, 'learning_rate': 0.03761518822413347, 'depth': 7, 'l2_leaf_reg': 7.0, 'random_strength': 1.0, 'bagging_temperature': 1.0, 'border_count': 128}. Best is trial 5 with value: 0.23381905276195003.
Starting CatBoost Optuna trial 6
[I 2026-06-14 23:36:23,848] Trial 6 finished with value: 0.17432698027463783 and parameters: {'iterations': 1000, 'learning_rate': 0.02962159524328287, 'depth': 7, 'l2_leaf_reg': 5.0, 'random_strength': 1.0, 'bagging_temperature': 1.5, 'border_count': 254}. Best is trial 5 with value: 0.23381905276195003.
Starting CatBoost Optuna trial 7
[I 2026-06-14 23:37:49,168] Trial 7 finished with value: 0.19819237852078925 and parameters: {'iterations': 1200, 'learning_rate': 0.02610505697646915, 'depth': 7, 'l2_leaf_reg': 5.0, 'random_strength': 3.0, 'bagging_temperature': 1.5, 'border_count': 254}. Best is trial 5 with value: 0.23381905276195003.
Starting CatBoost Optuna trial 8
[I 2026-06-14 23:38:53,751] Trial 8 finished with value: 0.20559274172247402 and parameters: {'iterations': 700, 'learning_rate': 0.030434895222665886, 'depth': 6, 'l2_leaf_reg': 10.0, 'random_strength': 2.0, 'bagging_temperature': 0.5, 'border_count': 128}. Best is trial 5 with value: 0.23381905276195003.
Starting CatBoost Optuna trial 9
[I 2026-06-14 23:39:59,856] Trial 9 finished with value: 0.13407836812515397 and parameters: {'iterations': 700, 'learning_rate': 0.038891104729594686, 'depth': 6, 'l2_leaf_reg': 5.0, 'random_strength': 2.0, 'bagging_temperature': 1.5, 'border_count': 254}. Best is trial 5 with value: 0.23381905276195003.
Starting CatBoost Optuna trial 10
[I 2026-06-14 23:41:13,147] Trial 10 finished with value: 0.07176294755708257 and parameters: {'iterations': 1200, 'learning_rate': 0.043523950288151085, 'depth': 5, 'l2_leaf_reg': 10.0, 'random_strength': 1.0, 'bagging_temperature': 1.0, 'border_count': 254}. Best is trial 5 with value: 0.23381905276195003.
Starting CatBoost Optuna trial 11
