[I 2026-06-15 02:22:48,176] Trial 86 finished with value: 0.0069485916072492635 and parameters: {'n_estimators': 900, 'learning_rate': 0.031796775084371655, 'max_depth': 6, 'num_leaves': 63, 'min_child_samples': 200, 'subsample': 0.85, 'colsample_bytree': 0.85, 'reg_alpha': 0.5, 'reg_lambda': 1.0}. Best is trial 20 with value: 0.17435217572027584.
[I 2026-06-15 02:23:22,519] Trial 87 finished with value: 0.1220633306359339 and parameters: {'n_estimators': 1100, 'learning_rate': 0.029453117320442843, 'max_depth': 6, 'num_leaves': 31, 'min_child_samples': 100, 'subsample': 0.9, 'colsample_bytree': 0.85, 'reg_alpha': 0.1, 'reg_lambda': 1.5}. Best is trial 20 with value: 0.17435217572027584.
[I 2026-06-15 02:23:58,691] Trial 88 finished with value: 0.007054853316723627 and parameters: {'n_estimators': 900, 'learning_rate': 0.03993723314429004, 'max_depth': 8, 'num_leaves': 63, 'min_child_samples': 150, 'subsample': 0.85, 'colsample_bytree': 0.85, 'reg_alpha': 0.25, 'reg_lambda': 2.0}. Best is trial 20 with value: 0.17435217572027584.
[I 2026-06-15 02:24:27,827] Trial 89 finished with value: 0.11451258678652936 and parameters: {'n_estimators': 700, 'learning_rate': 0.04469799009878731, 'max_depth': 6, 'num_leaves': 31, 'min_child_samples': 100, 'subsample': 0.85, 'colsample_bytree': 0.85, 'reg_alpha': 0.5, 'reg_lambda': 1.5}. Best is trial 20 with value: 0.17435217572027584.
[I 2026-06-15 02:24:59,075] Trial 90 finished with value: 0.11130951030612608 and parameters: {'n_estimators': 900, 'learning_rate': 0.04837717448908367, 'max_depth': 10, 'num_leaves': 31, 'min_child_samples': 100, 'subsample': 0.8, 'colsample_bytree': 0.85, 'reg_alpha': 0.1, 'reg_lambda': 1.0}. Best is trial 20 with value: 0.17435217572027584.
[I 2026-06-15 02:25:28,203] Trial 91 finished with value: 0.10729063645141852 and parameters: {'n_estimators': 700, 'learning_rate': 0.0402296819522174, 'max_depth': 6, 'num_leaves': 31, 'min_child_samples': 100, 'subsample': 0.8, 'colsample_bytree': 0.85, 'reg_alpha': 0.1, 'reg_lambda': 1.5}. Best is trial 20 with value: 0.17435217572027584.
[I 2026-06-15 02:25:57,493] Trial 92 finished with value: 0.10125285855786495 and parameters: {'n_estimators': 700, 'learning_rate': 0.04211044833979762, 'max_depth': 6, 'num_leaves': 31, 'min_child_samples': 100, 'subsample': 0.8, 'colsample_bytree': 0.85, 'reg_alpha': 0.1, 'reg_lambda': 1.5}. Best is trial 20 with value: 0.17435217572027584.
[I 2026-06-15 02:26:26,651] Trial 93 finished with value: 0.13223369251121503 and parameters: {'n_estimators': 700, 'learning_rate': 0.031006957637587058, 'max_depth': 6, 'num_leaves': 31, 'min_child_samples': 100, 'subsample': 0.8, 'colsample_bytree': 0.85, 'reg_alpha': 0.1, 'reg_lambda': 1.5}. Best is trial 20 with value: 0.17435217572027584.
[I 2026-06-15 02:26:55,578] Trial 94 finished with value: 0.15304492523298027 and parameters: {'n_estimators': 700, 'learning_rate': 0.03616733269292695, 'max_depth': 6, 'num_leaves': 31, 'min_child_samples': 100, 'subsample': 0.8, 'colsample_bytree': 0.85, 'reg_alpha': 0.1, 'reg_lambda': 1.5}. Best is trial 20 with value: 0.17435217572027584.
[I 2026-06-15 02:27:24,568] Trial 95 finished with value: 0.11628285795768491 and parameters: {'n_estimators': 700, 'learning_rate': 0.036056285532557825, 'max_depth': 6, 'num_leaves': 31, 'min_child_samples': 100, 'subsample': 0.8, 'colsample_bytree': 0.85, 'reg_alpha': 0.1, 'reg_lambda': 1.5}. Best is trial 20 with value: 0.17435217572027584.
[I 2026-06-15 02:28:03,734] Trial 96 finished with value: 0.1065746646352002 and parameters: {'n_estimators': 1100, 'learning_rate': 0.03790655718754684, 'max_depth': 8, 'num_leaves': 63, 'min_child_samples': 100, 'subsample': 0.9, 'colsample_bytree': 0.85, 'reg_alpha': 0.1, 'reg_lambda': 1.5}. Best is trial 20 with value: 0.17435217572027584.
[I 2026-06-15 02:28:36,095] Trial 97 finished with value: 0.13701252488518692 and parameters: {'n_estimators': 900, 'learning_rate': 0.03646752099312216, 'max_depth': 6, 'num_leaves': 31, 'min_child_samples': 100, 'subsample': 0.85, 'colsample_bytree': 0.85, 'reg_alpha': 0.5, 'reg_lambda': 1.5}. Best is trial 20 with value: 0.17435217572027584.
[I 2026-06-15 02:29:09,748] Trial 98 finished with value: 0.05096040145479183 and parameters: {'n_estimators': 900, 'learning_rate': 0.03698719529257108, 'max_depth': 6, 'num_leaves': 31, 'min_child_samples': 100, 'subsample': 0.85, 'colsample_bytree': 1.0, 'reg_alpha': 0.5, 'reg_lambda': 1.5}. Best is trial 20 with value: 0.17435217572027584.
[I 2026-06-15 02:29:41,626] Trial 99 finished with value: 0.08391745653988095 and parameters: {'n_estimators': 900, 'learning_rate': 0.035756879989740496, 'max_depth': 6, 'num_leaves': 31, 'min_child_samples': 100, 'subsample': 0.85, 'colsample_bytree': 0.85, 'reg_alpha': 0.5, 'reg_lambda': 1.0}. Best is trial 20 with value: 0.17435217572027584.
[I 2026-06-15 02:29:41,894] A new study created in RDB with name: cat_optuna_1h
Starting CatBoost Optuna trial 0
[I 2026-06-15 02:30:25,792] Trial 0 finished with value: 0.03929990398017915 and parameters: {'iterations': 1200, 'learning_rate': 0.03180911426762308, 'depth': 6, 'l2_leaf_reg': 7.0, 'random_strength': 2.0, 'bagging_temperature': 1.0, 'border_count': 128}. Best is trial 0 with value: 0.03929990398017915.
Starting CatBoost Optuna trial 1
[I 2026-06-15 02:31:06,140] Trial 1 finished with value: 0.08249753503693294 and parameters: {'iterations': 1200, 'learning_rate': 0.035860396318881244, 'depth': 5, 'l2_leaf_reg': 3.0, 'random_strength': 2.0, 'bagging_temperature': 1.5, 'border_count': 128}. Best is trial 1 with value: 0.08249753503693294.
Starting CatBoost Optuna trial 2
[I 2026-06-15 02:31:50,319] Trial 2 finished with value: 0.06119975123084343 and parameters: {'iterations': 1000, 'learning_rate': 0.03787473432121868, 'depth': 7, 'l2_leaf_reg': 10.0, 'random_strength': 1.0, 'bagging_temperature': 1.5, 'border_count': 128}. Best is trial 1 with value: 0.08249753503693294.
Starting CatBoost Optuna trial 3
[I 2026-06-15 02:32:22,780] Trial 3 finished with value: 0.027899220228085678 and parameters: {'iterations': 700, 'learning_rate': 0.0388395835524451, 'depth': 5, 'l2_leaf_reg': 10.0, 'random_strength': 3.0, 'bagging_temperature': 1.0, 'border_count': 254}. Best is trial 1 with value: 0.08249753503693294.
Starting CatBoost Optuna trial 4
[I 2026-06-15 02:33:04,482] Trial 4 finished with value: -0.01265648058879936 and parameters: {'iterations': 1200, 'learning_rate': 0.03390228614258434, 'depth': 5, 'l2_leaf_reg': 5.0, 'random_strength': 2.0, 'bagging_temperature': 1.0, 'border_count': 254}. Best is trial 1 with value: 0.08249753503693294.
Starting CatBoost Optuna trial 5
[I 2026-06-15 02:33:37,401] Trial 5 finished with value: 0.0999003326169873 and parameters: {'iterations': 700, 'learning_rate': 0.044073923707030095, 'depth': 5, 'l2_leaf_reg': 3.0, 'random_strength': 1.0, 'bagging_temperature': 1.0, 'border_count': 254}. Best is trial 5 with value: 0.0999003326169873.
Starting CatBoost Optuna trial 6
[I 2026-06-15 02:34:19,209] Trial 6 finished with value: 0.09685319707018897 and parameters: {'iterations': 1200, 'learning_rate': 0.028329183731302544, 'depth': 5, 'l2_leaf_reg': 10.0, 'random_strength': 1.0, 'bagging_temperature': 0.5, 'border_count': 254}. Best is trial 5 with value: 0.0999003326169873.
Starting CatBoost Optuna trial 7
[I 2026-06-15 02:34:56,244] Trial 7 finished with value: 0.05915193210963771 and parameters: {'iterations': 1000, 'learning_rate': 0.028016644475527652, 'depth': 5, 'l2_leaf_reg': 3.0, 'random_strength': 2.0, 'bagging_temperature': 0.5, 'border_count': 128}. Best is trial 5 with value: 0.0999003326169873.
Starting CatBoost Optuna trial 8
[I 2026-06-15 02:35:36,343] Trial 8 finished with value: 0.05978833044523818 and parameters: {'iterations': 1000, 'learning_rate': 0.039901647314630556, 'depth': 6, 'l2_leaf_reg': 5.0, 'random_strength': 1.0, 'bagging_temperature': 1.5, 'border_count': 128}. Best is trial 5 with value: 0.0999003326169873.
Starting CatBoost Optuna trial 9
[I 2026-06-15 02:36:16,467] Trial 9 finished with value: 0.025447554857345154 and parameters: {'iterations': 1000, 'learning_rate': 0.03462331354220486, 'depth': 6, 'l2_leaf_reg': 5.0, 'random_strength': 3.0, 'bagging_temperature': 1.5, 'border_count': 128}. Best is trial 5 with value: 0.0999003326169873.
Starting CatBoost Optuna trial 10
[I 2026-06-15 02:36:56,734] Trial 10 finished with value: 0.008128198178590517 and parameters: {'iterations': 700, 'learning_rate': 0.04466103520098257, 'depth': 7, 'l2_leaf_reg': 3.0, 'random_strength': 1.0, 'bagging_temperature': 1.0, 'border_count': 254}. Best is trial 5 with value: 0.0999003326169873.
Starting CatBoost Optuna trial 11
[I 2026-06-15 02:37:28,916] Trial 11 finished with value: 0.12705527562542962 and parameters: {'iterations': 700, 'learning_rate': 0.02747774132577093, 'depth': 5, 'l2_leaf_reg': 10.0, 'random_strength': 1.0, 'bagging_temperature': 0.5, 'border_count': 254}. Best is trial 11 with value: 0.12705527562542962.
Starting CatBoost Optuna trial 12
[I 2026-06-15 02:38:01,244] Trial 12 finished with value: 0.12989983585808085 and parameters: {'iterations': 700, 'learning_rate': 0.026344824604141833, 'depth': 5, 'l2_leaf_reg': 7.0, 'random_strength': 1.0, 'bagging_temperature': 0.5, 'border_count': 254}. Best is trial 12 with value: 0.12989983585808085.
Starting CatBoost Optuna trial 13
[I 2026-06-15 02:38:33,448] Trial 13 finished with value: 0.06868463875676427 and parameters: {'iterations': 700, 'learning_rate': 0.02650389998456267, 'depth': 5, 'l2_leaf_reg': 7.0, 'random_strength': 1.0, 'bagging_temperature': 0.5, 'border_count': 254}. Best is trial 12 with value: 0.12989983585808085.
Starting CatBoost Optuna trial 14
[I 2026-06-15 02:39:05,831] Trial 14 finished with value: 0.12032340263778472 and parameters: {'iterations': 700, 'learning_rate': 0.030184605918493927, 'depth': 5, 'l2_leaf_reg': 7.0, 'random_strength': 1.0, 'bagging_temperature': 0.5, 'border_count': 254}. Best is trial 12 with value: 0.12989983585808085.
Starting CatBoost Optuna trial 15
[I 2026-06-15 02:39:45,625] Trial 15 finished with value: 0.0444607301557462 and parameters: {'iterations': 700, 'learning_rate': 0.026013858234007658, 'depth': 7, 'l2_leaf_reg': 7.0, 'random_strength': 1.0, 'bagging_temperature': 0.5, 'border_count': 254}. Best is trial 12 with value: 0.12989983585808085.
Starting CatBoost Optuna trial 16
[I 2026-06-15 02:40:18,038] Trial 16 finished with value: 0.08067645663581806 and parameters: {'iterations': 700, 'learning_rate': 0.029417956129463758, 'depth': 5, 'l2_leaf_reg': 10.0, 'random_strength': 3.0, 'bagging_temperature': 0.5, 'border_count': 254}. Best is trial 12 with value: 0.12989983585808085.
Starting CatBoost Optuna trial 17
[I 2026-06-15 02:40:50,401] Trial 17 finished with value: 0.08649300735262143 and parameters: {'iterations': 700, 'learning_rate': 0.031870319343027954, 'depth': 5, 'l2_leaf_reg': 7.0, 'random_strength': 1.0, 'bagging_temperature': 0.5, 'border_count': 254}. Best is trial 12 with value: 0.12989983585808085.
Starting CatBoost Optuna trial 18
[I 2026-06-15 02:41:26,209] Trial 18 finished with value: 0.09608252023614079 and parameters: {'iterations': 700, 'learning_rate': 0.027759545490160645, 'depth': 6, 'l2_leaf_reg': 10.0, 'random_strength': 1.0, 'bagging_temperature': 0.5, 'border_count': 254}. Best is trial 12 with value: 0.12989983585808085.
Starting CatBoost Optuna trial 19
[I 2026-06-15 02:42:06,059] Trial 19 finished with value: 0.13008080774127662 and parameters: {'iterations': 700, 'learning_rate': 0.030440027249618792, 'depth': 7, 'l2_leaf_reg': 7.0, 'random_strength': 3.0, 'bagging_temperature': 0.5, 'border_count': 254}. Best is trial 19 with value: 0.13008080774127662.
Starting CatBoost Optuna trial 20
[I 2026-06-15 02:42:45,935] Trial 20 finished with value: 0.04970038247928141 and parameters: {'iterations': 700, 'learning_rate': 0.030792737766323554, 'depth': 7, 'l2_leaf_reg': 7.0, 'random_strength': 3.0, 'bagging_temperature': 0.5, 'border_count': 254}. Best is trial 19 with value: 0.13008080774127662.
Starting CatBoost Optuna trial 21
[I 2026-06-15 02:43:25,995] Trial 21 finished with value: 0.06487906784866682 and parameters: {'iterations': 700, 'learning_rate': 0.027089805922553892, 'depth': 7, 'l2_leaf_reg': 7.0, 'random_strength': 3.0, 'bagging_temperature': 0.5, 'border_count': 254}. Best is trial 19 with value: 0.13008080774127662.
Starting CatBoost Optuna trial 22
[I 2026-06-15 02:44:06,157] Trial 22 finished with value: 0.0665368698255455 and parameters: {'iterations': 700, 'learning_rate': 0.029175610248442906, 'depth': 7, 'l2_leaf_reg': 7.0, 'random_strength': 3.0, 'bagging_temperature': 0.5, 'border_count': 254}. Best is trial 19 with value: 0.13008080774127662.
Starting CatBoost Optuna trial 23
[I 2026-06-15 02:44:46,162] Trial 23 finished with value: 0.03942586954948357 and parameters: {'iterations': 700, 'learning_rate': 0.03195859124058, 'depth': 7, 'l2_leaf_reg': 10.0, 'random_strength': 3.0, 'bagging_temperature': 0.5, 'border_count': 254}. Best is trial 19 with value: 0.13008080774127662.
Starting CatBoost Optuna trial 24
[I 2026-06-15 02:45:18,315] Trial 24 finished with value: 0.12586029067407462 and parameters: {'iterations': 700, 'learning_rate': 0.028798395198162578, 'depth': 5, 'l2_leaf_reg': 7.0, 'random_strength': 1.0, 'bagging_temperature': 0.5, 'border_count': 254}. Best is trial 19 with value: 0.13008080774127662.
Starting CatBoost Optuna trial 25
[I 2026-06-15 02:45:58,211] Trial 25 finished with value: 0.12212290059110345 and parameters: {'iterations': 700, 'learning_rate': 0.027264750114092174, 'depth': 7, 'l2_leaf_reg': 7.0, 'random_strength': 3.0, 'bagging_temperature': 0.5, 'border_count': 254}. Best is trial 19 with value: 0.13008080774127662.
Starting CatBoost Optuna trial 26
[I 2026-06-15 02:46:30,671] Trial 26 finished with value: 0.13000912973552714 and parameters: {'iterations': 700, 'learning_rate': 0.030788503463012894, 'depth': 5, 'l2_leaf_reg': 10.0, 'random_strength': 1.0, 'bagging_temperature': 0.5, 'border_count': 254}. Best is trial 19 with value: 0.13008080774127662.
Starting CatBoost Optuna trial 27
[I 2026-06-15 02:47:06,036] Trial 27 finished with value: 0.06157857445223796 and parameters: {'iterations': 700, 'learning_rate': 0.03285771778187829, 'depth': 6, 'l2_leaf_reg': 5.0, 'random_strength': 1.0, 'bagging_temperature': 0.5, 'border_count': 254}. Best is trial 19 with value: 0.13008080774127662.
Starting CatBoost Optuna trial 28
[I 2026-06-15 02:47:47,743] Trial 28 finished with value: 0.11545776135950385 and parameters: {'iterations': 1200, 'learning_rate': 0.03623585874728932, 'depth': 5, 'l2_leaf_reg': 7.0, 'random_strength': 2.0, 'bagging_temperature': 1.5, 'border_count': 254}. Best is trial 19 with value: 0.13008080774127662.
Starting CatBoost Optuna trial 29
[I 2026-06-15 02:48:31,924] Trial 29 finished with value: 0.05371495002453745 and parameters: {'iterations': 1000, 'learning_rate': 0.030504964499351243, 'depth': 7, 'l2_leaf_reg': 7.0, 'random_strength': 3.0, 'bagging_temperature': 0.5, 'border_count': 128}. Best is trial 19 with value: 0.13008080774127662.
Starting CatBoost Optuna trial 30
[I 2026-06-15 02:49:18,907] Trial 30 finished with value: 0.09764929109057215 and parameters: {'iterations': 1200, 'learning_rate': 0.03006091483691612, 'depth': 6, 'l2_leaf_reg': 10.0, 'random_strength': 2.0, 'bagging_temperature': 1.0, 'border_count': 254}. Best is trial 19 with value: 0.13008080774127662.
Starting CatBoost Optuna trial 31
[I 2026-06-15 02:49:51,201] Trial 31 finished with value: 0.13223062027309923 and parameters: {'iterations': 700, 'learning_rate': 0.026737547192725673, 'depth': 5, 'l2_leaf_reg': 10.0, 'random_strength': 1.0, 'bagging_temperature': 0.5, 'border_count': 254}. Best is trial 31 with value: 0.13223062027309923.
Starting CatBoost Optuna trial 32
[I 2026-06-15 02:50:23,485] Trial 32 finished with value: 0.08633788697597325 and parameters: {'iterations': 700, 'learning_rate': 0.02600685792554336, 'depth': 5, 'l2_leaf_reg': 10.0, 'random_strength': 1.0, 'bagging_temperature': 0.5, 'border_count': 254}. Best is trial 31 with value: 0.13223062027309923.
Starting CatBoost Optuna trial 33
[I 2026-06-15 02:50:55,993] Trial 33 finished with value: 0.05285678552598776 and parameters: {'iterations': 700, 'learning_rate': 0.032766373454887913, 'depth': 5, 'l2_leaf_reg': 10.0, 'random_strength': 1.0, 'bagging_temperature': 0.5, 'border_count': 254}. Best is trial 31 with value: 0.13223062027309923.
Starting CatBoost Optuna trial 34
[I 2026-06-15 02:51:28,366] Trial 34 finished with value: 0.06216938341435822 and parameters: {'iterations': 700, 'learning_rate': 0.03128107066870943, 'depth': 5, 'l2_leaf_reg': 10.0, 'random_strength': 1.0, 'bagging_temperature': 1.5, 'border_count': 128}. Best is trial 31 with value: 0.13223062027309923.
Starting CatBoost Optuna trial 35
[I 2026-06-15 02:52:00,687] Trial 35 finished with value: 0.12568560845296878 and parameters: {'iterations': 700, 'learning_rate': 0.029597558389276694, 'depth': 5, 'l2_leaf_reg': 10.0, 'random_strength': 1.0, 'bagging_temperature': 0.5, 'border_count': 254}. Best is trial 31 with value: 0.13223062027309923.
Starting CatBoost Optuna trial 36
[I 2026-06-15 02:52:42,413] Trial 36 finished with value: 0.1426580813986202 and parameters: {'iterations': 1200, 'learning_rate': 0.028640430264474333, 'depth': 5, 'l2_leaf_reg': 3.0, 'random_strength': 2.0, 'bagging_temperature': 1.0, 'border_count': 254}. Best is trial 36 with value: 0.1426580813986202.
Starting CatBoost Optuna trial 37
[I 2026-06-15 02:53:24,283] Trial 37 finished with value: 0.0563464919628985 and parameters: {'iterations': 1200, 'learning_rate': 0.028522550306057447, 'depth': 5, 'l2_leaf_reg': 3.0, 'random_strength': 2.0, 'bagging_temperature': 1.0, 'border_count': 254}. Best is trial 36 with value: 0.1426580813986202.
Starting CatBoost Optuna trial 38
[I 2026-06-15 02:54:04,657] Trial 38 finished with value: 0.04788520906648171 and parameters: {'iterations': 1200, 'learning_rate': 0.03418923783098624, 'depth': 5, 'l2_leaf_reg': 3.0, 'random_strength': 2.0, 'bagging_temperature': 1.0, 'border_count': 128}. Best is trial 36 with value: 0.1426580813986202.
Starting CatBoost Optuna trial 39
[I 2026-06-15 02:54:59,317] Trial 39 finished with value: 0.05767813325194785 and parameters: {'iterations': 1200, 'learning_rate': 0.02854897495755814, 'depth': 7, 'l2_leaf_reg': 3.0, 'random_strength': 2.0, 'bagging_temperature': 1.0, 'border_count': 254}. Best is trial 36 with value: 0.1426580813986202.
Starting CatBoost Optuna trial 40
[I 2026-06-15 02:55:39,708] Trial 40 finished with value: 0.15909022335844444 and parameters: {'iterations': 1200, 'learning_rate': 0.031172256011092456, 'depth': 5, 'l2_leaf_reg': 3.0, 'random_strength': 2.0, 'bagging_temperature': 1.0, 'border_count': 128}. Best is trial 40 with value: 0.15909022335844444.
Starting CatBoost Optuna trial 41
[I 2026-06-15 02:56:19,940] Trial 41 finished with value: 0.09266922808136842 and parameters: {'iterations': 1200, 'learning_rate': 0.031175508639478162, 'depth': 5, 'l2_leaf_reg': 3.0, 'random_strength': 2.0, 'bagging_temperature': 1.0, 'border_count': 128}. Best is trial 40 with value: 0.15909022335844444.
Starting CatBoost Optuna trial 42
[I 2026-06-15 02:57:00,181] Trial 42 finished with value: 0.06769275770225398 and parameters: {'iterations': 1200, 'learning_rate': 0.02969806019339504, 'depth': 5, 'l2_leaf_reg': 3.0, 'random_strength': 2.0, 'bagging_temperature': 1.0, 'border_count': 128}. Best is trial 40 with value: 0.15909022335844444.
Starting CatBoost Optuna trial 43
[I 2026-06-15 02:57:40,381] Trial 43 finished with value: 0.0687801530161621 and parameters: {'iterations': 1200, 'learning_rate': 0.033084561392257426, 'depth': 5, 'l2_leaf_reg': 3.0, 'random_strength': 2.0, 'bagging_temperature': 1.0, 'border_count': 128}. Best is trial 40 with value: 0.15909022335844444.
Starting CatBoost Optuna trial 44
[I 2026-06-15 02:58:20,647] Trial 44 finished with value: 0.041618325835566954 and parameters: {'iterations': 1200, 'learning_rate': 0.035460379061016664, 'depth': 5, 'l2_leaf_reg': 3.0, 'random_strength': 2.0, 'bagging_temperature': 1.0, 'border_count': 128}. Best is trial 40 with value: 0.15909022335844444.
Starting CatBoost Optuna trial 45
[I 2026-06-15 02:58:57,380] Trial 45 finished with value: 0.02357881363478896 and parameters: {'iterations': 1000, 'learning_rate': 0.026935957269193782, 'depth': 5, 'l2_leaf_reg': 5.0, 'random_strength': 2.0, 'bagging_temperature': 1.0, 'border_count': 128}. Best is trial 40 with value: 0.15909022335844444.
Starting CatBoost Optuna trial 46
[I 2026-06-15 02:59:44,181] Trial 46 finished with value: 0.07424250248331711 and parameters: {'iterations': 1200, 'learning_rate': 0.028158255004762187, 'depth': 6, 'l2_leaf_reg': 3.0, 'random_strength': 2.0, 'bagging_temperature': 1.5, 'border_count': 254}. Best is trial 40 with value: 0.15909022335844444.
Starting CatBoost Optuna trial 47
[I 2026-06-15 03:00:24,887] Trial 47 finished with value: 0.060313837405952225 and parameters: {'iterations': 1200, 'learning_rate': 0.031532113018704476, 'depth': 5, 'l2_leaf_reg': 10.0, 'random_strength': 3.0, 'bagging_temperature': 1.0, 'border_count': 128}. Best is trial 40 with value: 0.15909022335844444.
Starting CatBoost Optuna trial 48
[I 2026-06-15 03:01:03,263] Trial 48 finished with value: 0.04909963323835989 and parameters: {'iterations': 1000, 'learning_rate': 0.04146344065377224, 'depth': 5, 'l2_leaf_reg': 3.0, 'random_strength': 2.0, 'bagging_temperature': 1.0, 'border_count': 254}. Best is trial 40 with value: 0.15909022335844444.
Starting CatBoost Optuna trial 49
