[I 2026-06-15 03:01:58,064] Trial 49 finished with value: 0.04309605105319333 and parameters: {'iterations': 1200, 'learning_rate': 0.032161777262932095, 'depth': 7, 'l2_leaf_reg': 5.0, 'random_strength': 2.0, 'bagging_temperature': 1.5, 'border_count': 254}. Best is trial 40 with value: 0.15909022335844444.
Starting CatBoost Optuna trial 50
[I 2026-06-15 03:02:38,460] Trial 50 finished with value: 0.09184498692422799 and parameters: {'iterations': 1200, 'learning_rate': 0.030494629004912854, 'depth': 5, 'l2_leaf_reg': 10.0, 'random_strength': 3.0, 'bagging_temperature': 1.0, 'border_count': 128}. Best is trial 40 with value: 0.15909022335844444.
Starting CatBoost Optuna trial 51
[I 2026-06-15 03:03:11,222] Trial 51 finished with value: 0.0687005669659049 and parameters: {'iterations': 700, 'learning_rate': 0.02667494094003314, 'depth': 5, 'l2_leaf_reg': 7.0, 'random_strength': 1.0, 'bagging_temperature': 0.5, 'border_count': 254}. Best is trial 40 with value: 0.15909022335844444.
Starting CatBoost Optuna trial 52
[I 2026-06-15 03:03:43,740] Trial 52 finished with value: 0.07288068417526604 and parameters: {'iterations': 700, 'learning_rate': 0.02775443863328687, 'depth': 5, 'l2_leaf_reg': 3.0, 'random_strength': 1.0, 'bagging_temperature': 0.5, 'border_count': 254}. Best is trial 40 with value: 0.15909022335844444.
Starting CatBoost Optuna trial 53
[I 2026-06-15 03:04:16,289] Trial 53 finished with value: 0.16613390685174093 and parameters: {'iterations': 700, 'learning_rate': 0.02893071503976049, 'depth': 5, 'l2_leaf_reg': 7.0, 'random_strength': 1.0, 'bagging_temperature': 0.5, 'border_count': 254}. Best is trial 53 with value: 0.16613390685174093.
Starting CatBoost Optuna trial 54
[I 2026-06-15 03:04:48,772] Trial 54 finished with value: 0.0839185948118742 and parameters: {'iterations': 700, 'learning_rate': 0.029015274607527872, 'depth': 5, 'l2_leaf_reg': 10.0, 'random_strength': 1.0, 'bagging_temperature': 0.5, 'border_count': 254}. Best is trial 53 with value: 0.16613390685174093.
Starting CatBoost Optuna trial 55
[I 2026-06-15 03:05:20,963] Trial 55 finished with value: 0.11188464995889201 and parameters: {'iterations': 700, 'learning_rate': 0.029920955739874213, 'depth': 5, 'l2_leaf_reg': 7.0, 'random_strength': 1.0, 'bagging_temperature': 0.5, 'border_count': 254}. Best is trial 53 with value: 0.16613390685174093.
Starting CatBoost Optuna trial 56
[I 2026-06-15 03:05:59,105] Trial 56 finished with value: 0.07014858178491779 and parameters: {'iterations': 1000, 'learning_rate': 0.030680075807421152, 'depth': 5, 'l2_leaf_reg': 3.0, 'random_strength': 1.0, 'bagging_temperature': 0.5, 'border_count': 254}. Best is trial 53 with value: 0.16613390685174093.
Starting CatBoost Optuna trial 57
[I 2026-06-15 03:06:38,968] Trial 57 finished with value: 0.053559639609455124 and parameters: {'iterations': 700, 'learning_rate': 0.02785723638422367, 'depth': 7, 'l2_leaf_reg': 7.0, 'random_strength': 1.0, 'bagging_temperature': 0.5, 'border_count': 254}. Best is trial 53 with value: 0.16613390685174093.
Starting CatBoost Optuna trial 58
[I 2026-06-15 03:07:14,327] Trial 58 finished with value: 0.1061414634983472 and parameters: {'iterations': 700, 'learning_rate': 0.02895281710972243, 'depth': 6, 'l2_leaf_reg': 10.0, 'random_strength': 3.0, 'bagging_temperature': 0.5, 'border_count': 254}. Best is trial 53 with value: 0.16613390685174093.
Starting CatBoost Optuna trial 59
[I 2026-06-15 03:07:46,553] Trial 59 finished with value: 0.08625626444942001 and parameters: {'iterations': 700, 'learning_rate': 0.03228347686770272, 'depth': 5, 'l2_leaf_reg': 5.0, 'random_strength': 1.0, 'bagging_temperature': 1.0, 'border_count': 254}. Best is trial 53 with value: 0.16613390685174093.
Starting CatBoost Optuna trial 60
[I 2026-06-15 03:08:26,416] Trial 60 finished with value: 0.04422917414175772 and parameters: {'iterations': 700, 'learning_rate': 0.033572817294578707, 'depth': 7, 'l2_leaf_reg': 7.0, 'random_strength': 3.0, 'bagging_temperature': 0.5, 'border_count': 254}. Best is trial 53 with value: 0.16613390685174093.
Starting CatBoost Optuna trial 61
[I 2026-06-15 03:08:58,464] Trial 61 finished with value: 0.10897501155028148 and parameters: {'iterations': 700, 'learning_rate': 0.026369269533917408, 'depth': 5, 'l2_leaf_reg': 7.0, 'random_strength': 1.0, 'bagging_temperature': 0.5, 'border_count': 254}. Best is trial 53 with value: 0.16613390685174093.
Starting CatBoost Optuna trial 62
[I 2026-06-15 03:09:30,742] Trial 62 finished with value: 0.05557080791693308 and parameters: {'iterations': 700, 'learning_rate': 0.02740398957070145, 'depth': 5, 'l2_leaf_reg': 7.0, 'random_strength': 1.0, 'bagging_temperature': 0.5, 'border_count': 254}. Best is trial 53 with value: 0.16613390685174093.
Starting CatBoost Optuna trial 63
[I 2026-06-15 03:10:03,040] Trial 63 finished with value: 0.05421990241880791 and parameters: {'iterations': 700, 'learning_rate': 0.029219889671232277, 'depth': 5, 'l2_leaf_reg': 7.0, 'random_strength': 1.0, 'bagging_temperature': 0.5, 'border_count': 254}. Best is trial 53 with value: 0.16613390685174093.
Starting CatBoost Optuna trial 64
[I 2026-06-15 03:10:35,127] Trial 64 finished with value: 0.09917770877502297 and parameters: {'iterations': 700, 'learning_rate': 0.02646223721355125, 'depth': 5, 'l2_leaf_reg': 7.0, 'random_strength': 1.0, 'bagging_temperature': 0.5, 'border_count': 254}. Best is trial 53 with value: 0.16613390685174093.
Starting CatBoost Optuna trial 65
[I 2026-06-15 03:11:07,155] Trial 65 finished with value: 0.10387118634902841 and parameters: {'iterations': 700, 'learning_rate': 0.028349106865226674, 'depth': 5, 'l2_leaf_reg': 7.0, 'random_strength': 1.0, 'bagging_temperature': 0.5, 'border_count': 254}. Best is trial 53 with value: 0.16613390685174093.
Starting CatBoost Optuna trial 66
[I 2026-06-15 03:11:39,367] Trial 66 finished with value: 0.08437971660253744 and parameters: {'iterations': 700, 'learning_rate': 0.027105594651513923, 'depth': 5, 'l2_leaf_reg': 10.0, 'random_strength': 1.0, 'bagging_temperature': 0.5, 'border_count': 254}. Best is trial 53 with value: 0.16613390685174093.
Starting CatBoost Optuna trial 67
[I 2026-06-15 03:12:33,902] Trial 67 finished with value: 0.04852688237323445 and parameters: {'iterations': 1200, 'learning_rate': 0.030943844309658207, 'depth': 7, 'l2_leaf_reg': 7.0, 'random_strength': 3.0, 'bagging_temperature': 1.5, 'border_count': 254}. Best is trial 53 with value: 0.16613390685174093.
Starting CatBoost Optuna trial 68
[I 2026-06-15 03:13:06,301] Trial 68 finished with value: 0.06191331710757494 and parameters: {'iterations': 700, 'learning_rate': 0.027545925528315723, 'depth': 5, 'l2_leaf_reg': 10.0, 'random_strength': 2.0, 'bagging_temperature': 0.5, 'border_count': 254}. Best is trial 53 with value: 0.16613390685174093.
Starting CatBoost Optuna trial 69
[I 2026-06-15 03:13:45,867] Trial 69 finished with value: 0.04560179151248853 and parameters: {'iterations': 1000, 'learning_rate': 0.030221145612541047, 'depth': 6, 'l2_leaf_reg': 3.0, 'random_strength': 1.0, 'bagging_temperature': 0.5, 'border_count': 128}. Best is trial 53 with value: 0.16613390685174093.
Starting CatBoost Optuna trial 70
[I 2026-06-15 03:14:18,131] Trial 70 finished with value: 0.07003703683246518 and parameters: {'iterations': 700, 'learning_rate': 0.028159184033402954, 'depth': 5, 'l2_leaf_reg': 7.0, 'random_strength': 1.0, 'bagging_temperature': 1.0, 'border_count': 254}. Best is trial 53 with value: 0.16613390685174093.
Starting CatBoost Optuna trial 71
[I 2026-06-15 03:14:50,228] Trial 71 finished with value: 0.17446612492419372 and parameters: {'iterations': 700, 'learning_rate': 0.02688874536078254, 'depth': 5, 'l2_leaf_reg': 10.0, 'random_strength': 1.0, 'bagging_temperature': 0.5, 'border_count': 254}. Best is trial 71 with value: 0.17446612492419372.
Starting CatBoost Optuna trial 72
[I 2026-06-15 03:15:22,194] Trial 72 finished with value: 0.08119876795680253 and parameters: {'iterations': 700, 'learning_rate': 0.026627913072781166, 'depth': 5, 'l2_leaf_reg': 10.0, 'random_strength': 1.0, 'bagging_temperature': 0.5, 'border_count': 254}. Best is trial 71 with value: 0.17446612492419372.
Starting CatBoost Optuna trial 73
[I 2026-06-15 03:15:54,319] Trial 73 finished with value: 0.09809914344879564 and parameters: {'iterations': 700, 'learning_rate': 0.029537814194676933, 'depth': 5, 'l2_leaf_reg': 10.0, 'random_strength': 1.0, 'bagging_temperature': 0.5, 'border_count': 254}. Best is trial 71 with value: 0.17446612492419372.
Starting CatBoost Optuna trial 74
[I 2026-06-15 03:16:26,408] Trial 74 finished with value: 0.14701792505510963 and parameters: {'iterations': 700, 'learning_rate': 0.026152233481558696, 'depth': 5, 'l2_leaf_reg': 10.0, 'random_strength': 1.0, 'bagging_temperature': 0.5, 'border_count': 254}. Best is trial 71 with value: 0.17446612492419372.
Starting CatBoost Optuna trial 75
[I 2026-06-15 03:16:58,706] Trial 75 finished with value: 0.15925726394096484 and parameters: {'iterations': 700, 'learning_rate': 0.026902951108340685, 'depth': 5, 'l2_leaf_reg': 10.0, 'random_strength': 1.0, 'bagging_temperature': 0.5, 'border_count': 254}. Best is trial 71 with value: 0.17446612492419372.
Starting CatBoost Optuna trial 76
[I 2026-06-15 03:17:30,810] Trial 76 finished with value: 0.0437395709794471 and parameters: {'iterations': 700, 'learning_rate': 0.026933108823679025, 'depth': 5, 'l2_leaf_reg': 10.0, 'random_strength': 1.0, 'bagging_temperature': 0.5, 'border_count': 254}. Best is trial 71 with value: 0.17446612492419372.
Starting CatBoost Optuna trial 77
[I 2026-06-15 03:18:12,276] Trial 77 finished with value: 0.10719512854191275 and parameters: {'iterations': 1200, 'learning_rate': 0.026290222739689135, 'depth': 5, 'l2_leaf_reg': 10.0, 'random_strength': 2.0, 'bagging_temperature': 0.5, 'border_count': 254}. Best is trial 71 with value: 0.17446612492419372.
Starting CatBoost Optuna trial 78
[I 2026-06-15 03:18:52,118] Trial 78 finished with value: 0.06099963551429332 and parameters: {'iterations': 700, 'learning_rate': 0.027364509472576716, 'depth': 7, 'l2_leaf_reg': 10.0, 'random_strength': 3.0, 'bagging_temperature': 1.0, 'border_count': 254}. Best is trial 71 with value: 0.17446612492419372.
Starting CatBoost Optuna trial 79
[I 2026-06-15 03:19:23,414] Trial 79 finished with value: 0.051982957707368216 and parameters: {'iterations': 700, 'learning_rate': 0.02870977047942828, 'depth': 5, 'l2_leaf_reg': 10.0, 'random_strength': 1.0, 'bagging_temperature': 0.5, 'border_count': 128}. Best is trial 71 with value: 0.17446612492419372.
Starting CatBoost Optuna trial 80
[I 2026-06-15 03:20:04,835] Trial 80 finished with value: 0.06459449917506449 and parameters: {'iterations': 1200, 'learning_rate': 0.02609173411082044, 'depth': 5, 'l2_leaf_reg': 10.0, 'random_strength': 2.0, 'bagging_temperature': 1.5, 'border_count': 254}. Best is trial 71 with value: 0.17446612492419372.
Starting CatBoost Optuna trial 81
[I 2026-06-15 03:20:36,926] Trial 81 finished with value: 0.12741725790292724 and parameters: {'iterations': 700, 'learning_rate': 0.0267833166576084, 'depth': 5, 'l2_leaf_reg': 10.0, 'random_strength': 1.0, 'bagging_temperature': 0.5, 'border_count': 254}. Best is trial 71 with value: 0.17446612492419372.
Starting CatBoost Optuna trial 82
[I 2026-06-15 03:21:09,161] Trial 82 finished with value: 0.11940412691607609 and parameters: {'iterations': 700, 'learning_rate': 0.031657372862046035, 'depth': 5, 'l2_leaf_reg': 10.0, 'random_strength': 1.0, 'bagging_temperature': 0.5, 'border_count': 254}. Best is trial 71 with value: 0.17446612492419372.
Starting CatBoost Optuna trial 83
[I 2026-06-15 03:21:41,282] Trial 83 finished with value: 0.0902470886415199 and parameters: {'iterations': 700, 'learning_rate': 0.027623078658381595, 'depth': 5, 'l2_leaf_reg': 10.0, 'random_strength': 1.0, 'bagging_temperature': 0.5, 'border_count': 254}. Best is trial 71 with value: 0.17446612492419372.
Starting CatBoost Optuna trial 84
[I 2026-06-15 03:22:13,498] Trial 84 finished with value: 0.10654851811201056 and parameters: {'iterations': 700, 'learning_rate': 0.028137661719688695, 'depth': 5, 'l2_leaf_reg': 10.0, 'random_strength': 1.0, 'bagging_temperature': 0.5, 'border_count': 254}. Best is trial 71 with value: 0.17446612492419372.
Starting CatBoost Optuna trial 85
[I 2026-06-15 03:22:45,912] Trial 85 finished with value: 0.14984372372834728 and parameters: {'iterations': 700, 'learning_rate': 0.03022642956904431, 'depth': 5, 'l2_leaf_reg': 3.0, 'random_strength': 1.0, 'bagging_temperature': 1.0, 'border_count': 254}. Best is trial 71 with value: 0.17446612492419372.
Starting CatBoost Optuna trial 86
[I 2026-06-15 03:23:18,104] Trial 86 finished with value: 0.16388375189595386 and parameters: {'iterations': 700, 'learning_rate': 0.029909741732316947, 'depth': 5, 'l2_leaf_reg': 3.0, 'random_strength': 1.0, 'bagging_temperature': 1.0, 'border_count': 254}. Best is trial 71 with value: 0.17446612492419372.
Starting CatBoost Optuna trial 87
[I 2026-06-15 03:23:58,311] Trial 87 finished with value: 0.08405689420894587 and parameters: {'iterations': 1200, 'learning_rate': 0.029346247766845253, 'depth': 5, 'l2_leaf_reg': 3.0, 'random_strength': 1.0, 'bagging_temperature': 1.0, 'border_count': 128}. Best is trial 71 with value: 0.17446612492419372.
Starting CatBoost Optuna trial 88
[I 2026-06-15 03:24:30,402] Trial 88 finished with value: 0.14814179651341236 and parameters: {'iterations': 700, 'learning_rate': 0.028616166182465926, 'depth': 5, 'l2_leaf_reg': 3.0, 'random_strength': 1.0, 'bagging_temperature': 1.0, 'border_count': 254}. Best is trial 71 with value: 0.17446612492419372.
Starting CatBoost Optuna trial 89
[I 2026-06-15 03:25:02,639] Trial 89 finished with value: 0.041365133749358095 and parameters: {'iterations': 700, 'learning_rate': 0.02876789638627725, 'depth': 5, 'l2_leaf_reg': 3.0, 'random_strength': 1.0, 'bagging_temperature': 1.0, 'border_count': 254}. Best is trial 71 with value: 0.17446612492419372.
Starting CatBoost Optuna trial 90
[I 2026-06-15 03:25:40,470] Trial 90 finished with value: 0.09920324144015669 and parameters: {'iterations': 1000, 'learning_rate': 0.02984766768027574, 'depth': 5, 'l2_leaf_reg': 3.0, 'random_strength': 1.0, 'bagging_temperature': 1.0, 'border_count': 254}. Best is trial 71 with value: 0.17446612492419372.
Starting CatBoost Optuna trial 91
[I 2026-06-15 03:26:12,859] Trial 91 finished with value: 0.15756130741608856 and parameters: {'iterations': 700, 'learning_rate': 0.027162954154920434, 'depth': 5, 'l2_leaf_reg': 3.0, 'random_strength': 1.0, 'bagging_temperature': 1.0, 'border_count': 254}. Best is trial 71 with value: 0.17446612492419372.
Starting CatBoost Optuna trial 92
[I 2026-06-15 03:26:45,148] Trial 92 finished with value: 0.13039447151133593 and parameters: {'iterations': 700, 'learning_rate': 0.027927064372168978, 'depth': 5, 'l2_leaf_reg': 3.0, 'random_strength': 1.0, 'bagging_temperature': 1.0, 'border_count': 254}. Best is trial 71 with value: 0.17446612492419372.
Starting CatBoost Optuna trial 93
[I 2026-06-15 03:27:17,820] Trial 93 finished with value: 0.122607093365216 and parameters: {'iterations': 700, 'learning_rate': 0.030183618914626245, 'depth': 5, 'l2_leaf_reg': 3.0, 'random_strength': 1.0, 'bagging_temperature': 1.0, 'border_count': 254}. Best is trial 71 with value: 0.17446612492419372.
Starting CatBoost Optuna trial 94
[I 2026-06-15 03:27:50,368] Trial 94 finished with value: 0.11439993152720843 and parameters: {'iterations': 700, 'learning_rate': 0.027219728301597787, 'depth': 5, 'l2_leaf_reg': 3.0, 'random_strength': 1.0, 'bagging_temperature': 1.0, 'border_count': 254}. Best is trial 71 with value: 0.17446612492419372.
Starting CatBoost Optuna trial 95
[I 2026-06-15 03:28:22,795] Trial 95 finished with value: 0.07936105392514799 and parameters: {'iterations': 700, 'learning_rate': 0.02921707085544068, 'depth': 5, 'l2_leaf_reg': 3.0, 'random_strength': 1.0, 'bagging_temperature': 1.0, 'border_count': 254}. Best is trial 71 with value: 0.17446612492419372.
Starting CatBoost Optuna trial 96
[I 2026-06-15 03:28:55,351] Trial 96 finished with value: 0.09472321156092268 and parameters: {'iterations': 700, 'learning_rate': 0.027874941009336792, 'depth': 5, 'l2_leaf_reg': 3.0, 'random_strength': 2.0, 'bagging_temperature': 1.0, 'border_count': 254}. Best is trial 71 with value: 0.17446612492419372.
Starting CatBoost Optuna trial 97
[I 2026-06-15 03:29:39,299] Trial 97 finished with value: 0.02024617728620192 and parameters: {'iterations': 1200, 'learning_rate': 0.028530560548135905, 'depth': 6, 'l2_leaf_reg': 3.0, 'random_strength': 1.0, 'bagging_temperature': 1.0, 'border_count': 128}. Best is trial 71 with value: 0.17446612492419372.
Starting CatBoost Optuna trial 98
[I 2026-06-15 03:30:11,502] Trial 98 finished with value: 0.12811425568469936 and parameters: {'iterations': 700, 'learning_rate': 0.02835269507050146, 'depth': 5, 'l2_leaf_reg': 3.0, 'random_strength': 1.0, 'bagging_temperature': 1.0, 'border_count': 254}. Best is trial 71 with value: 0.17446612492419372.
Starting CatBoost Optuna trial 99
[I 2026-06-15 03:30:43,937] Trial 99 finished with value: 0.07480854822564031 and parameters: {'iterations': 700, 'learning_rate': 0.031096206132044085, 'depth': 5, 'l2_leaf_reg': 3.0, 'random_strength': 2.0, 'bagging_temperature': 1.0, 'border_count': 254}. Best is trial 71 with value: 0.17446612492419372.
21484.822397229
