[I 2026-06-15 01:02:51,544] Trial 75 finished with value: 0.23474465100493508 and parameters: {'iterations': 1200, 'learning_rate': 0.03806571089741535, 'depth': 7, 'l2_leaf_reg': 7.0, 'random_strength': 1.0, 'bagging_temperature': 1.0, 'border_count': 128}. Best is trial 14 with value: 0.3098263985196077.
Starting CatBoost Optuna trial 76
[I 2026-06-15 01:04:00,188] Trial 76 finished with value: 0.18480427277446504 and parameters: {'iterations': 1000, 'learning_rate': 0.03588671611169258, 'depth': 5, 'l2_leaf_reg': 7.0, 'random_strength': 1.0, 'bagging_temperature': 0.5, 'border_count': 128}. Best is trial 14 with value: 0.3098263985196077.
Starting CatBoost Optuna trial 77
[I 2026-06-15 01:05:05,047] Trial 77 finished with value: 0.09798746426447 and parameters: {'iterations': 700, 'learning_rate': 0.0372831555087513, 'depth': 6, 'l2_leaf_reg': 7.0, 'random_strength': 1.0, 'bagging_temperature': 1.0, 'border_count': 128}. Best is trial 14 with value: 0.3098263985196077.
Starting CatBoost Optuna trial 78
[I 2026-06-15 01:06:26,172] Trial 78 finished with value: 0.23178554161131726 and parameters: {'iterations': 1200, 'learning_rate': 0.03891991254750552, 'depth': 7, 'l2_leaf_reg': 7.0, 'random_strength': 1.0, 'bagging_temperature': 1.0, 'border_count': 128}. Best is trial 14 with value: 0.3098263985196077.
Starting CatBoost Optuna trial 79
[I 2026-06-15 01:07:34,482] Trial 79 finished with value: 0.20303065816366847 and parameters: {'iterations': 1000, 'learning_rate': 0.038612071616480115, 'depth': 5, 'l2_leaf_reg': 7.0, 'random_strength': 1.0, 'bagging_temperature': 1.5, 'border_count': 128}. Best is trial 14 with value: 0.3098263985196077.
Starting CatBoost Optuna trial 80
[I 2026-06-15 01:08:55,514] Trial 80 finished with value: 0.23483482153749705 and parameters: {'iterations': 1200, 'learning_rate': 0.03498842617269055, 'depth': 7, 'l2_leaf_reg': 7.0, 'random_strength': 1.0, 'bagging_temperature': 1.0, 'border_count': 128}. Best is trial 14 with value: 0.3098263985196077.
Starting CatBoost Optuna trial 81
[I 2026-06-15 01:10:11,293] Trial 81 finished with value: 0.1562646803576016 and parameters: {'iterations': 1000, 'learning_rate': 0.03434401216130876, 'depth': 7, 'l2_leaf_reg': 3.0, 'random_strength': 2.0, 'bagging_temperature': 1.0, 'border_count': 128}. Best is trial 14 with value: 0.3098263985196077.
Starting CatBoost Optuna trial 82
[I 2026-06-15 01:11:27,373] Trial 82 finished with value: 0.19071732553802365 and parameters: {'iterations': 1000, 'learning_rate': 0.04411830038376318, 'depth': 7, 'l2_leaf_reg': 7.0, 'random_strength': 1.0, 'bagging_temperature': 1.0, 'border_count': 128}. Best is trial 14 with value: 0.3098263985196077.
Starting CatBoost Optuna trial 83
[I 2026-06-15 01:12:46,270] Trial 83 finished with value: 0.2010250448921795 and parameters: {'iterations': 1000, 'learning_rate': 0.036370473497135826, 'depth': 7, 'l2_leaf_reg': 7.0, 'random_strength': 3.0, 'bagging_temperature': 1.0, 'border_count': 254}. Best is trial 14 with value: 0.3098263985196077.
Starting CatBoost Optuna trial 84
[I 2026-06-15 01:14:02,309] Trial 84 finished with value: 0.19009356536013983 and parameters: {'iterations': 1000, 'learning_rate': 0.04093403232341734, 'depth': 7, 'l2_leaf_reg': 5.0, 'random_strength': 1.0, 'bagging_temperature': 1.0, 'border_count': 128}. Best is trial 14 with value: 0.3098263985196077.
Starting CatBoost Optuna trial 85
[I 2026-06-15 01:15:18,140] Trial 85 finished with value: 0.19273484260669893 and parameters: {'iterations': 1000, 'learning_rate': 0.03541791353597334, 'depth': 7, 'l2_leaf_reg': 7.0, 'random_strength': 3.0, 'bagging_temperature': 1.0, 'border_count': 128}. Best is trial 14 with value: 0.3098263985196077.
Starting CatBoost Optuna trial 86
[I 2026-06-15 01:16:32,132] Trial 86 finished with value: 0.181653629450562 and parameters: {'iterations': 1200, 'learning_rate': 0.04011023943046769, 'depth': 5, 'l2_leaf_reg': 10.0, 'random_strength': 1.0, 'bagging_temperature': 0.5, 'border_count': 254}. Best is trial 14 with value: 0.3098263985196077.
Starting CatBoost Optuna trial 87
[I 2026-06-15 01:17:48,051] Trial 87 finished with value: 0.20366634749158793 and parameters: {'iterations': 1000, 'learning_rate': 0.04225468709164336, 'depth': 7, 'l2_leaf_reg': 5.0, 'random_strength': 3.0, 'bagging_temperature': 1.0, 'border_count': 128}. Best is trial 14 with value: 0.3098263985196077.
Starting CatBoost Optuna trial 88
[I 2026-06-15 01:19:02,243] Trial 88 finished with value: 0.1044832046409813 and parameters: {'iterations': 1200, 'learning_rate': 0.04306040555497852, 'depth': 5, 'l2_leaf_reg': 7.0, 'random_strength': 1.0, 'bagging_temperature': 1.0, 'border_count': 254}. Best is trial 14 with value: 0.3098263985196077.
Starting CatBoost Optuna trial 89
[I 2026-06-15 01:20:17,895] Trial 89 finished with value: 0.18905748834883299 and parameters: {'iterations': 1000, 'learning_rate': 0.032954571598976364, 'depth': 7, 'l2_leaf_reg': 7.0, 'random_strength': 3.0, 'bagging_temperature': 1.0, 'border_count': 128}. Best is trial 14 with value: 0.3098263985196077.
Starting CatBoost Optuna trial 90
[I 2026-06-15 01:21:25,832] Trial 90 finished with value: 0.22764147682711755 and parameters: {'iterations': 700, 'learning_rate': 0.03748491617939527, 'depth': 7, 'l2_leaf_reg': 5.0, 'random_strength': 2.0, 'bagging_temperature': 0.5, 'border_count': 128}. Best is trial 14 with value: 0.3098263985196077.
Starting CatBoost Optuna trial 91
[I 2026-06-15 01:22:46,995] Trial 91 finished with value: 0.20253543237833022 and parameters: {'iterations': 1200, 'learning_rate': 0.035431069277513154, 'depth': 7, 'l2_leaf_reg': 7.0, 'random_strength': 1.0, 'bagging_temperature': 1.0, 'border_count': 128}. Best is trial 14 with value: 0.3098263985196077.
Starting CatBoost Optuna trial 92
[I 2026-06-15 01:24:07,982] Trial 92 finished with value: 0.16220947534357213 and parameters: {'iterations': 1200, 'learning_rate': 0.034728808562092574, 'depth': 7, 'l2_leaf_reg': 7.0, 'random_strength': 1.0, 'bagging_temperature': 1.0, 'border_count': 128}. Best is trial 14 with value: 0.3098263985196077.
Starting CatBoost Optuna trial 93
[I 2026-06-15 01:25:28,794] Trial 93 finished with value: 0.16170869240562535 and parameters: {'iterations': 1200, 'learning_rate': 0.03408263079120631, 'depth': 7, 'l2_leaf_reg': 7.0, 'random_strength': 1.0, 'bagging_temperature': 1.0, 'border_count': 128}. Best is trial 14 with value: 0.3098263985196077.
Starting CatBoost Optuna trial 94
[I 2026-06-15 01:26:44,509] Trial 94 finished with value: 0.17361287859569172 and parameters: {'iterations': 1200, 'learning_rate': 0.03679207261347538, 'depth': 6, 'l2_leaf_reg': 7.0, 'random_strength': 1.0, 'bagging_temperature': 1.0, 'border_count': 128}. Best is trial 14 with value: 0.3098263985196077.
Starting CatBoost Optuna trial 95
[I 2026-06-15 01:28:05,855] Trial 95 finished with value: 0.21748218219950569 and parameters: {'iterations': 1200, 'learning_rate': 0.03493295183648842, 'depth': 7, 'l2_leaf_reg': 7.0, 'random_strength': 1.0, 'bagging_temperature': 1.0, 'border_count': 128}. Best is trial 14 with value: 0.3098263985196077.
Starting CatBoost Optuna trial 96
[I 2026-06-15 01:29:31,438] Trial 96 finished with value: 0.21522326777411366 and parameters: {'iterations': 1200, 'learning_rate': 0.041736098846021724, 'depth': 7, 'l2_leaf_reg': 3.0, 'random_strength': 1.0, 'bagging_temperature': 1.0, 'border_count': 254}. Best is trial 14 with value: 0.3098263985196077.
Starting CatBoost Optuna trial 97
[I 2026-06-15 01:30:39,276] Trial 97 finished with value: 0.1263357519567901 and parameters: {'iterations': 1000, 'learning_rate': 0.038337243372776865, 'depth': 5, 'l2_leaf_reg': 7.0, 'random_strength': 3.0, 'bagging_temperature': 1.0, 'border_count': 128}. Best is trial 14 with value: 0.3098263985196077.
Starting CatBoost Optuna trial 98
[I 2026-06-15 01:32:05,274] Trial 98 finished with value: 0.2198974930926738 and parameters: {'iterations': 1200, 'learning_rate': 0.03607804145321439, 'depth': 7, 'l2_leaf_reg': 5.0, 'random_strength': 1.0, 'bagging_temperature': 1.0, 'border_count': 254}. Best is trial 14 with value: 0.3098263985196077.
Starting CatBoost Optuna trial 99
[I 2026-06-15 01:33:13,687] Trial 99 finished with value: 0.11332239632590892 and parameters: {'iterations': 1000, 'learning_rate': 0.0405862614039305, 'depth': 5, 'l2_leaf_reg': 7.0, 'random_strength': 3.0, 'bagging_temperature': 1.5, 'border_count': 128}. Best is trial 14 with value: 0.3098263985196077.
  0%|          | 0/100 [00:00<?, ?it/s]  1%|          | 1/100 [00:00<01:17,  1.28it/s]  2%|▏         | 2/100 [00:01<00:58,  1.68it/s]  3%|▎         | 3/100 [00:01<00:58,  1.66it/s]  4%|▍         | 4/100 [00:02<00:53,  1.79it/s]  5%|▌         | 5/100 [00:02<00:55,  1.70it/s]  6%|▌         | 6/100 [00:03<00:49,  1.89it/s]  7%|▋         | 7/100 [00:03<00:46,  1.99it/s]  8%|▊         | 8/100 [00:04<00:51,  1.80it/s]  9%|▉         | 9/100 [00:04<00:47,  1.91it/s] 10%|█         | 10/100 [00:05<00:45,  1.98it/s] 11%|█         | 11/100 [00:05<00:45,  1.94it/s] 12%|█▏        | 12/100 [00:06<00:45,  1.94it/s] 13%|█▎        | 13/100 [00:06<00:43,  1.98it/s] 14%|█▍        | 14/100 [00:07<00:44,  1.93it/s] 15%|█▌        | 15/100 [00:07<00:42,  2.01it/s] 16%|█▌        | 16/100 [00:08<00:40,  2.06it/s] 17%|█▋        | 17/100 [00:08<00:39,  2.09it/s] 18%|█▊        | 18/100 [00:09<00:38,  2.13it/s] 19%|█▉        | 19/100 [00:09<00:41,  1.95it/s] 20%|██        | 20/100 [00:10<00:38,  2.06it/s] 21%|██        | 21/100 [00:10<00:36,  2.15it/s] 22%|██▏       | 22/100 [00:11<00:35,  2.21it/s] 23%|██▎       | 23/100 [00:11<00:37,  2.05it/s] 24%|██▍       | 24/100 [00:12<00:36,  2.11it/s] 25%|██▌       | 25/100 [00:12<00:36,  2.06it/s] 26%|██▌       | 26/100 [00:13<00:34,  2.12it/s] 27%|██▋       | 27/100 [00:13<00:36,  1.98it/s] 28%|██▊       | 28/100 [00:14<00:34,  2.08it/s] 29%|██▉       | 29/100 [00:14<00:35,  1.98it/s] 30%|███       | 30/100 [00:15<00:34,  2.05it/s] 31%|███       | 31/100 [00:15<00:32,  2.13it/s] 32%|███▏      | 32/100 [00:16<00:31,  2.15it/s] 33%|███▎      | 33/100 [00:16<00:30,  2.23it/s] 34%|███▍      | 34/100 [00:17<00:31,  2.13it/s] 35%|███▌      | 35/100 [00:17<00:29,  2.18it/s] 36%|███▌      | 36/100 [00:17<00:29,  2.20it/s] 37%|███▋      | 37/100 [00:18<00:30,  2.05it/s] 38%|███▊      | 38/100 [00:18<00:29,  2.12it/s] 39%|███▉      | 39/100 [00:19<00:29,  2.06it/s] 40%|████      | 40/100 [00:19<00:27,  2.16it/s] 41%|████      | 41/100 [00:20<00:25,  2.27it/s] 42%|████▏     | 42/100 [00:20<00:25,  2.25it/s] 43%|████▎     | 43/100 [00:21<00:25,  2.25it/s] 44%|████▍     | 44/100 [00:21<00:24,  2.30it/s] 45%|████▌     | 45/100 [00:21<00:24,  2.25it/s] 46%|████▌     | 46/100 [00:22<00:23,  2.31it/s] 47%|████▋     | 47/100 [00:22<00:22,  2.32it/s] 48%|████▊     | 48/100 [00:23<00:23,  2.25it/s] 49%|████▉     | 49/100 [00:23<00:22,  2.28it/s] 50%|█████     | 50/100 [00:24<00:21,  2.32it/s] 51%|█████     | 51/100 [00:24<00:22,  2.19it/s] 52%|█████▏    | 52/100 [00:25<00:23,  2.06it/s] 53%|█████▎    | 53/100 [00:25<00:21,  2.16it/s] 54%|█████▍    | 54/100 [00:26<00:22,  2.09it/s] 55%|█████▌    | 55/100 [00:26<00:21,  2.12it/s] 56%|█████▌    | 56/100 [00:27<00:20,  2.15it/s] 57%|█████▋    | 57/100 [00:27<00:20,  2.05it/s] 58%|█████▊    | 58/100 [00:27<00:19,  2.14it/s] 59%|█████▉    | 59/100 [00:28<00:20,  2.01it/s] 60%|██████    | 60/100 [00:30<00:31,  1.27it/s] 61%|██████    | 61/100 [00:30<00:28,  1.38it/s] 62%|██████▏   | 62/100 [00:31<00:24,  1.55it/s] 63%|██████▎   | 63/100 [00:31<00:23,  1.58it/s] 64%|██████▍   | 64/100 [00:32<00:20,  1.74it/s] 65%|██████▌   | 65/100 [00:32<00:22,  1.56it/s] 66%|██████▌   | 66/100 [00:33<00:24,  1.39it/s] 67%|██████▋   | 67/100 [00:34<00:23,  1.40it/s] 68%|██████▊   | 68/100 [00:35<00:21,  1.47it/s] 69%|██████▉   | 69/100 [00:35<00:18,  1.65it/s] 70%|███████   | 70/100 [00:35<00:16,  1.81it/s] 71%|███████   | 71/100 [00:36<00:15,  1.92it/s] 72%|███████▏  | 72/100 [00:36<00:13,  2.06it/s] 73%|███████▎  | 73/100 [00:37<00:12,  2.13it/s] 74%|███████▍  | 74/100 [00:37<00:13,  1.93it/s] 75%|███████▌  | 75/100 [00:38<00:16,  1.53it/s] 76%|███████▌  | 76/100 [00:39<00:16,  1.41it/s]$ARKB: possibly delisted; no price data found  (period=730d) (Yahoo error = "1h data not available for startTime=1704983400 and endTime=1781487233. The requested range must be within the last 730 days.")

1 Failed download:
['ARKB']: possibly delisted; no price data found  (period=730d) (Yahoo error = "1h data not available for startTime=1704983400 and endTime=1781487233. The requested range must be within the last 730 days.")
 77%|███████▋  | 77/100 [00:39<00:13,  1.76it/s] 78%|███████▊  | 78/100 [00:40<00:13,  1.66it/s] 79%|███████▉  | 79/100 [00:41<00:11,  1.82it/s] 80%|████████  | 80/100 [00:41<00:11,  1.78it/s] 81%|████████  | 81/100 [00:42<00:10,  1.84it/s] 82%|████████▏ | 82/100 [00:42<00:09,  1.83it/s] 83%|████████▎ | 83/100 [00:43<00:09,  1.84it/s] 84%|████████▍ | 84/100 [00:43<00:08,  1.89it/s] 85%|████████▌ | 85/100 [00:44<00:07,  2.02it/s] 86%|████████▌ | 86/100 [00:44<00:06,  2.15it/s] 87%|████████▋ | 87/100 [00:44<00:06,  2.16it/s] 88%|████████▊ | 88/100 [00:45<00:05,  2.20it/s] 89%|████████▉ | 89/100 [00:46<00:07,  1.41it/s] 90%|█████████ | 90/100 [00:47<00:06,  1.60it/s] 91%|█████████ | 91/100 [00:47<00:05,  1.77it/s] 92%|█████████▏| 92/100 [00:47<00:04,  1.92it/s] 93%|█████████▎| 93/100 [00:48<00:03,  2.03it/s] 94%|█████████▍| 94/100 [00:48<00:02,  2.09it/s] 95%|█████████▌| 95/100 [00:49<00:02,  2.12it/s] 96%|█████████▌| 96/100 [00:49<00:01,  2.22it/s] 97%|█████████▋| 97/100 [00:50<00:01,  2.24it/s] 98%|█████████▊| 98/100 [00:50<00:00,  2.23it/s] 99%|█████████▉| 99/100 [00:51<00:00,  1.63it/s]100%|██████████| 100/100 [00:52<00:00,  1.73it/s]100%|██████████| 100/100 [00:52<00:00,  1.92it/s]
DEBUG: finished _prepare_data
[I 2026-06-15 01:34:07,068] A new study created in RDB with name: lgbm_optuna_1h
[I 2026-06-15 01:34:42,612] Trial 0 finished with value: 0.0766138354167823 and parameters: {'n_estimators': 900, 'learning_rate': 0.044521399288869314, 'max_depth': 6, 'num_leaves': 63, 'min_child_samples': 100, 'subsample': 0.8, 'colsample_bytree': 1.0, 'reg_alpha': 0.5, 'reg_lambda': 1.0}. Best is trial 0 with value: 0.0766138354167823.
[I 2026-06-15 01:35:15,522] Trial 1 finished with value: 0.031777667270153014 and parameters: {'n_estimators': 700, 'learning_rate': 0.033711252151501024, 'max_depth': 10, 'num_leaves': 63, 'min_child_samples': 150, 'subsample': 0.8, 'colsample_bytree': 0.85, 'reg_alpha': 0.1, 'reg_lambda': 1.0}. Best is trial 0 with value: 0.0766138354167823.
[I 2026-06-15 01:35:49,348] Trial 2 finished with value: 0.07250999783442033 and parameters: {'n_estimators': 700, 'learning_rate': 0.0304384259134464, 'max_depth': 8, 'num_leaves': 63, 'min_child_samples': 200, 'subsample': 0.9, 'colsample_bytree': 1.0, 'reg_alpha': 0.1, 'reg_lambda': 0.5}. Best is trial 0 with value: 0.0766138354167823.
[I 2026-06-15 01:36:30,945] Trial 3 finished with value: 0.08451545715531983 and parameters: {'n_estimators': 1100, 'learning_rate': 0.03460963716994888, 'max_depth': 10, 'num_leaves': 63, 'min_child_samples': 150, 'subsample': 0.85, 'colsample_bytree': 1.0, 'reg_alpha': 0.05, 'reg_lambda': 1.0}. Best is trial 3 with value: 0.08451545715531983.
[I 2026-06-15 01:37:05,143] Trial 4 finished with value: 0.09616393834587714 and parameters: {'n_estimators': 1100, 'learning_rate': 0.038511901005572106, 'max_depth': 8, 'num_leaves': 31, 'min_child_samples': 150, 'subsample': 0.9, 'colsample_bytree': 0.85, 'reg_alpha': 0.05, 'reg_lambda': 2.0}. Best is trial 4 with value: 0.09616393834587714.
[I 2026-06-15 01:37:41,207] Trial 5 finished with value: 0.04747152366872121 and parameters: {'n_estimators': 900, 'learning_rate': 0.04067196850109386, 'max_depth': 10, 'num_leaves': 63, 'min_child_samples': 150, 'subsample': 0.85, 'colsample_bytree': 0.85, 'reg_alpha': 0.05, 'reg_lambda': 0.5}. Best is trial 4 with value: 0.09616393834587714.
[I 2026-06-15 01:38:14,263] Trial 6 finished with value: 0.0018528272328256733 and parameters: {'n_estimators': 700, 'learning_rate': 0.0345756447154828, 'max_depth': 10, 'num_leaves': 63, 'min_child_samples': 200, 'subsample': 0.85, 'colsample_bytree': 0.85, 'reg_alpha': 0.25, 'reg_lambda': 2.0}. Best is trial 4 with value: 0.09616393834587714.
[I 2026-06-15 01:38:44,415] Trial 7 finished with value: 0.09349322656314914 and parameters: {'n_estimators': 700, 'learning_rate': 0.05029136254876508, 'max_depth': 8, 'num_leaves': 31, 'min_child_samples': 150, 'subsample': 0.8, 'colsample_bytree': 1.0, 'reg_alpha': 0.5, 'reg_lambda': 2.0}. Best is trial 4 with value: 0.09616393834587714.
[I 2026-06-15 01:39:18,853] Trial 8 finished with value: 0.11450088492557312 and parameters: {'n_estimators': 1100, 'learning_rate': 0.02819890295927667, 'max_depth': 6, 'num_leaves': 31, 'min_child_samples': 200, 'subsample': 0.9, 'colsample_bytree': 0.85, 'reg_alpha': 0.05, 'reg_lambda': 2.0}. Best is trial 8 with value: 0.11450088492557312.
[I 2026-06-15 01:39:53,750] Trial 9 finished with value: 0.07300045497967868 and parameters: {'n_estimators': 900, 'learning_rate': 0.05091579111339144, 'max_depth': 6, 'num_leaves': 63, 'min_child_samples': 150, 'subsample': 0.8, 'colsample_bytree': 1.0, 'reg_alpha': 0.25, 'reg_lambda': 1.0}. Best is trial 8 with value: 0.11450088492557312.
[I 2026-06-15 01:40:28,496] Trial 10 finished with value: 0.04990833937057109 and parameters: {'n_estimators': 1100, 'learning_rate': 0.02802304690633202, 'max_depth': 6, 'num_leaves': 31, 'min_child_samples': 200, 'subsample': 0.9, 'colsample_bytree': 0.85, 'reg_alpha': 0.05, 'reg_lambda': 1.5}. Best is trial 8 with value: 0.11450088492557312.
[I 2026-06-15 01:41:02,812] Trial 11 finished with value: 0.0839645893606205 and parameters: {'n_estimators': 1100, 'learning_rate': 0.039447303086538314, 'max_depth': 8, 'num_leaves': 31, 'min_child_samples': 100, 'subsample': 0.9, 'colsample_bytree': 0.85, 'reg_alpha': 0.05, 'reg_lambda': 2.0}. Best is trial 8 with value: 0.11450088492557312.
[I 2026-06-15 01:41:37,575] Trial 12 finished with value: 0.020762854910930884 and parameters: {'n_estimators': 1100, 'learning_rate': 0.028126704253654086, 'max_depth': 8, 'num_leaves': 31, 'min_child_samples': 200, 'subsample': 0.9, 'colsample_bytree': 0.85, 'reg_alpha': 0.05, 'reg_lambda': 2.0}. Best is trial 8 with value: 0.11450088492557312.
[I 2026-06-15 01:42:12,134] Trial 13 finished with value: 0.03300308635409096 and parameters: {'n_estimators': 1100, 'learning_rate': 0.038657061520063776, 'max_depth': 6, 'num_leaves': 31, 'min_child_samples': 200, 'subsample': 0.9, 'colsample_bytree': 0.85, 'reg_alpha': 0.05, 'reg_lambda': 2.0}. Best is trial 8 with value: 0.11450088492557312.
[I 2026-06-15 01:42:46,798] Trial 14 finished with value: 0.13678191653782718 and parameters: {'n_estimators': 1100, 'learning_rate': 0.03152997559579984, 'max_depth': 6, 'num_leaves': 31, 'min_child_samples': 100, 'subsample': 0.9, 'colsample_bytree': 0.85, 'reg_alpha': 0.05, 'reg_lambda': 1.5}. Best is trial 14 with value: 0.13678191653782718.
[I 2026-06-15 01:43:21,283] Trial 15 finished with value: 0.08158454384796823 and parameters: {'n_estimators': 1100, 'learning_rate': 0.0313323123944851, 'max_depth': 6, 'num_leaves': 31, 'min_child_samples': 100, 'subsample': 0.9, 'colsample_bytree': 0.85, 'reg_alpha': 0.05, 'reg_lambda': 1.5}. Best is trial 14 with value: 0.13678191653782718.
[I 2026-06-15 01:43:55,988] Trial 16 finished with value: 0.1400648455631792 and parameters: {'n_estimators': 1100, 'learning_rate': 0.03116667527150727, 'max_depth': 6, 'num_leaves': 31, 'min_child_samples': 100, 'subsample': 0.9, 'colsample_bytree': 0.85, 'reg_alpha': 0.1, 'reg_lambda': 1.5}. Best is trial 16 with value: 0.1400648455631792.
[I 2026-06-15 01:44:30,438] Trial 17 finished with value: 0.10702375269269598 and parameters: {'n_estimators': 1100, 'learning_rate': 0.03157530560618624, 'max_depth': 6, 'num_leaves': 31, 'min_child_samples': 100, 'subsample': 0.9, 'colsample_bytree': 0.85, 'reg_alpha': 0.1, 'reg_lambda': 1.5}. Best is trial 16 with value: 0.1400648455631792.
[I 2026-06-15 01:45:04,694] Trial 18 finished with value: 0.1462120265424266 and parameters: {'n_estimators': 1100, 'learning_rate': 0.035846102759987286, 'max_depth': 6, 'num_leaves': 31, 'min_child_samples': 100, 'subsample': 0.9, 'colsample_bytree': 0.85, 'reg_alpha': 0.1, 'reg_lambda': 1.5}. Best is trial 18 with value: 0.1462120265424266.
[I 2026-06-15 01:45:36,741] Trial 19 finished with value: 0.1465440363317843 and parameters: {'n_estimators': 900, 'learning_rate': 0.03637376428032524, 'max_depth': 6, 'num_leaves': 31, 'min_child_samples': 100, 'subsample': 0.85, 'colsample_bytree': 0.85, 'reg_alpha': 0.1, 'reg_lambda': 1.5}. Best is trial 19 with value: 0.1465440363317843.
[I 2026-06-15 01:46:08,623] Trial 20 finished with value: 0.17435217572027584 and parameters: {'n_estimators': 900, 'learning_rate': 0.03637469939011984, 'max_depth': 6, 'num_leaves': 31, 'min_child_samples': 100, 'subsample': 0.85, 'colsample_bytree': 0.85, 'reg_alpha': 0.1, 'reg_lambda': 1.5}. Best is trial 20 with value: 0.17435217572027584.
[I 2026-06-15 01:46:40,686] Trial 21 finished with value: 0.07247822279521972 and parameters: {'n_estimators': 900, 'learning_rate': 0.03645702910972449, 'max_depth': 6, 'num_leaves': 31, 'min_child_samples': 100, 'subsample': 0.85, 'colsample_bytree': 0.85, 'reg_alpha': 0.1, 'reg_lambda': 1.5}. Best is trial 20 with value: 0.17435217572027584.
[I 2026-06-15 01:47:12,590] Trial 22 finished with value: 0.11139452431837564 and parameters: {'n_estimators': 900, 'learning_rate': 0.042780509497531066, 'max_depth': 6, 'num_leaves': 31, 'min_child_samples': 100, 'subsample': 0.85, 'colsample_bytree': 0.85, 'reg_alpha': 0.1, 'reg_lambda': 1.5}. Best is trial 20 with value: 0.17435217572027584.
